<?xml version="1.0" encoding="utf-8"?><testsuites name="pytest tests"><testsuite name="pytest" errors="0" failures="0" skipped="6" tests="1178" time="252.906" timestamp="2026-08-31T19:02:01.256111+00:00" hostname="133bf9097251"><testcase classname="tests.kernels.test_fft_output_layout" name="test_fft_final_stage_writes_interleaved_output[radix8-then-radix2-c64]" time="0.806" /><testcase classname="tests.kernels.test_fft_output_layout" name="test_fft_final_stage_writes_interleaved_output[radix8-c64]" time="0.239" /><testcase classname="tests.kernels.test_fft_output_layout" name="test_fft_final_stage_writes_interleaved_output[radix4-c64]" time="0.243" /><testcase classname="tests.kernels.test_fft_output_layout" name="test_fft_final_stage_writes_interleaved_output[radix8-c128]" time="0.775" /><testcase classname="tests.kernels.test_grouped_gemm_persistent_3wg" name="test_against_torch_reference[uniform]" time="0.578" /><testcase classname="tests.kernels.test_grouped_gemm_persistent_3wg" name="test_against_torch_reference[skewed]" time="0.009" /><testcase classname="tests.kernels.test_grouped_gemm_persistent_3wg" name="test_correctness_stages[2]" time="0.202" /><testcase classname="tests.kernels.test_grouped_gemm_persistent_3wg" name="test_correctness_stages[3]" time="0.196" /><testcase classname="tests.kernels.test_grouped_gemm_persistent_3wg" name="test_correctness_stages[4]" time="0.197" /><testcase classname="tests.kernels.test_grouped_gemm_persistent_3wg" name="test_partial_m_tile" time="0.185" /><testcase classname="tests.kernels.test_grouped_gemm_persistent_3wg" name="test_max_waves_edge_case" time="0.186" /><testcase classname="tests.kernels.test_grouped_gemm_persistent_3wg" name="test_cooperative_correctness[uniform-bm128_bn128_ns2]" time="0.180" /><testcase classname="tests.kernels.test_grouped_gemm_persistent_3wg" name="test_cooperative_correctness[uniform-bm128_bn128_ns3]" time="0.183" /><testcase classname="tests.kernels.test_grouped_gemm_persistent_3wg" name="test_cooperative_correctness[uniform-bm128_bn256_ns2]" time="0.180" /><testcase classname="tests.kernels.test_grouped_gemm_persistent_3wg" name="test_cooperative_correctness[uniform-bm128_bn256_ns3]" time="0.178" /><testcase classname="tests.kernels.test_grouped_gemm_persistent_3wg" name="test_cooperative_correctness[skewed-bm128_bn128_ns2]" time="0.004" /><testcase classname="tests.kernels.test_grouped_gemm_persistent_3wg" name="test_cooperative_correctness[skewed-bm128_bn128_ns3]" time="0.004" /><testcase classname="tests.kernels.test_grouped_gemm_persistent_3wg" name="test_cooperative_correctness[skewed-bm128_bn256_ns2]" time="0.004" /><testcase classname="tests.kernels.test_grouped_gemm_persistent_3wg" name="test_cooperative_correctness[skewed-bm128_bn256_ns3]" time="0.004" /><testcase classname="tests.kernels.test_grouped_gemm_persistent_3wg" name="test_cooperative_partial_m_tile" time="0.199" /><testcase classname="tests.kernels.test_grouped_gemm_persistent_3wg" name="test_out_param_reuse" time="0.184" /><testcase classname="tests.kernels.test_grouped_gemm_persistent_3wg" name="test_out_buffer_validation" time="0.005" /><testcase classname="tests.kernels.test_grouped_gemm_persistent_3wg" name="test_no_host_pad_on_unaligned" time="0.183" /><testcase classname="tests.kernels.test_moe_grouped_gemm_3wg_fused_act" name="test_pingpong_against_reference[silu_and_mul]" time="0.235" /><testcase classname="tests.kernels.test_moe_grouped_gemm_3wg_fused_act" name="test_pingpong_against_reference[gelu_and_mul]" time="0.235" /><testcase classname="tests.kernels.test_moe_grouped_gemm_3wg_fused_act" name="test_pingpong_partial_m_tile" time="0.228" /><testcase classname="tests.kernels.test_moe_grouped_gemm_3wg_fused_act" name="test_cooperative_against_reference[uniform-silu_and_mul]" time="0.196" /><testcase classname="tests.kernels.test_moe_grouped_gemm_3wg_fused_act" name="test_cooperative_against_reference[uniform-gelu_and_mul]" time="0.197" /><testcase classname="tests.kernels.test_moe_grouped_gemm_3wg_fused_act" name="test_cooperative_against_reference[skewed-silu_and_mul]" time="0.004" /><testcase classname="tests.kernels.test_moe_grouped_gemm_3wg_fused_act" name="test_cooperative_against_reference[skewed-gelu_and_mul]" time="0.004" /><testcase classname="tests.kernels.test_moe_grouped_gemm_3wg_fused_act" name="test_many_zero_experts" time="0.241" /><testcase classname="tests.ops.attention.test_deepseek_dsa_decode" name="test_sparse_mla_decode[full-fp16-tuned]" time="0.705"><properties><property name="op" value="DeepSeekSparseAttentionDecodeWithKVCacheFwdOp" /><property name="op_module" value="tileops.ops.attention.deepseek_dsa" /><property name="max_abs_err" value="2.44e-04" /></properties></testcase><testcase classname="tests.ops.attention.test_deepseek_nsa" name="test_nsa_varlen_op[4-16-8192-64-True-0.1-32-16-1-dtype1-accum_dtype1-False]" time="4.260"><properties><property name="op" value="NSAFwdVarlenOp" /><property name="op_module" value="tileops.ops.attention.deepseek_nsa" /><property name="max_abs_err" value="4.88e-04" /></properties></testcase><testcase classname="tests.ops.attention.test_deepseek_nsa" name="test_nsa_varlen_op[2-16-8192-64-True-0.1-32-16-4-dtype2-accum_dtype2-False]" time="4.090"><properties><property name="op" value="NSAFwdVarlenOp" /><property name="op_module" value="tileops.ops.attention.deepseek_nsa" /><property name="max_abs_err" value="4.88e-04" /></properties></testcase><testcase classname="tests.ops.attention.test_deepseek_nsa_topk" name="test_nsa_topk_varlen_op[3-512-32-128-16-1-16-32-32-dtype1-accum_dtype1-False]" time="1.533" /><testcase classname="tests.ops.attention.test_gqa" name="test_gqa_fwd[4-2048-64-4-128-False-dtype4-False]" time="0.276"><properties><property name="op" value="GroupedQueryAttentionFwdOp" /><property name="op_module" value="tileops.ops.attention.gqa" /><property name="max_abs_err" value="2.44e-04" /></properties></testcase><testcase classname="tests.ops.attention.test_gqa" name="test_gqa_fwd[4-2048-64-4-128-False-dtype5-False]" time="0.621"><properties><property name="op" value="GroupedQueryAttentionFwdOp" /><property name="op_module" value="tileops.ops.attention.gqa" /><property name="max_abs_err" value="1.95e-03" /></properties></testcase><testcase classname="tests.ops.attention.test_gqa" name="test_gqa_bwd[4-2048-64-4-128-False-dtype2-False]" time="0.242"><properties><property name="op" value="GroupedQueryAttentionBwdOp" /><property name="op_module" value="tileops.ops.attention.gqa" /><property name="max_abs_err" value="4.88e-04" /></properties></testcase><testcase classname="tests.ops.attention.test_gqa" name="test_gqa_bwd[4-2048-64-4-128-False-dtype3-False]" time="0.239"><properties><property name="op" value="GroupedQueryAttentionBwdOp" /><property name="op_module" value="tileops.ops.attention.gqa" /><property name="max_abs_err" value="3.91e-03" /></properties></testcase><testcase classname="tests.ops.attention.test_gqa_decode" name="test_gqa_decode[8-64-16-8192-128-dtype3-False]" time="0.358"><properties><property name="op" value="GroupedQueryAttentionDecodeWithKVCacheFwdOp" /><property name="op_module" value="tileops.ops.attention.gqa" /><property name="max_abs_err" value="1.30e-04" /></properties></testcase><testcase classname="tests.ops.attention.test_gqa_decode_paged" name="test_gqa_decode_paged_op[2-8-4-1024-64-256-dtype1-False]" time="0.360"><properties><property name="op" value="GroupedQueryAttentionDecodePagedWithKVCacheFwdOp" /><property name="op_module" value="tileops.ops.attention.gqa" /><property name="max_abs_err" value="1.22e-04" /></properties></testcase><testcase classname="tests.ops.attention.test_gqa_decode_paged" name="test_gqa_decode_paged_op[1-32-8-256-128-64-dtype2-False]" time="0.197"><properties><property name="op" value="GroupedQueryAttentionDecodePagedWithKVCacheFwdOp" /><property name="op_module" value="tileops.ops.attention.gqa" /><property name="max_abs_err" value="2.44e-04" /></properties></testcase><testcase classname="tests.ops.attention.test_gqa_decode_paged" name="test_gqa_decode_paged_op[1-8-4-1024-64-256-dtype3-False]" time="0.310"><properties><property name="op" value="GroupedQueryAttentionDecodePagedWithKVCacheFwdOp" /><property name="op_module" value="tileops.ops.attention.gqa" /><property name="max_abs_err" value="6.10e-05" /></properties></testcase><testcase classname="tests.ops.attention.test_gqa_decode_paged" name="test_gqa_decode_paged_op[2-16-8-512-128-128-dtype4-False]" time="0.308"><properties><property name="op" value="GroupedQueryAttentionDecodePagedWithKVCacheFwdOp" /><property name="op_module" value="tileops.ops.attention.gqa" /><property name="max_abs_err" value="2.44e-04" /></properties></testcase><testcase classname="tests.ops.attention.test_gqa_decode_paged" name="test_gqa_decode_paged_op[1-16-4-2048-128-512-dtype5-False]" time="0.194"><properties><property name="op" value="GroupedQueryAttentionDecodePagedWithKVCacheFwdOp" /><property name="op_module" value="tileops.ops.attention.gqa" /><property name="max_abs_err" value="1.22e-04" /></properties></testcase><testcase classname="tests.ops.attention.test_gqa_decode_paged" name="test_gqa_decode_paged_op[1-32-16-512-64-128-dtype6-False]" time="0.307"><properties><property name="op" value="GroupedQueryAttentionDecodePagedWithKVCacheFwdOp" /><property name="op_module" value="tileops.ops.attention.gqa" /><property name="max_abs_err" value="2.44e-04" /></properties></testcase><testcase classname="tests.ops.attention.test_gqa_sliding_window" name="test_gqa_sliding_window_fwd_op[2-512-8-2-64-True-128--1-dtype2-False]" time="0.279"><properties><property name="op" value="GroupedQueryAttentionSlidingWindowFwdOp" /><property name="op_module" value="tileops.ops.attention.gqa" /><property name="max_abs_err" value="1.22e-04" /></properties></testcase><testcase classname="tests.ops.attention.test_gqa_sliding_window" name="test_gqa_sliding_window_fwd_op[2-512-8-2-64-False--1--1-dtype3-False]" time="0.279"><properties><property name="op" value="GroupedQueryAttentionSlidingWindowFwdOp" /><property name="op_module" value="tileops.ops.attention.gqa" /><property name="max_abs_err" value="1.53e-05" /></properties></testcase><testcase classname="tests.ops.attention.test_gqa_sliding_window" name="test_gqa_sliding_window_fwd_op[2-512-8-2-64-False-64-64-dtype4-False]" time="0.279"><properties><property name="op" value="GroupedQueryAttentionSlidingWindowFwdOp" /><property name="op_module" value="tileops.ops.attention.gqa" /><property name="max_abs_err" value="3.05e-05" /></properties></testcase><testcase classname="tests.ops.attention.test_gqa_sliding_window" name="test_gqa_sliding_window_fwd_op[2-128-8-1-128-True-1--1-dtype5-False]" time="0.279"><properties><property name="op" value="GroupedQueryAttentionSlidingWindowFwdOp" /><property name="op_module" value="tileops.ops.attention.gqa" /><property name="max_abs_err" value="2.44e-04" /></properties></testcase><testcase classname="tests.ops.attention.test_gqa_sliding_window" name="test_gqa_sliding_window_fwd_op[2-512-8-2-64-False-64-64-dtype6-False]" time="0.281"><properties><property name="op" value="GroupedQueryAttentionSlidingWindowFwdOp" /><property name="op_module" value="tileops.ops.attention.gqa" /><property name="max_abs_err" value="2.44e-04" /></properties></testcase><testcase classname="tests.ops.attention.test_gqa_sliding_window" name="test_gqa_sliding_window_fwd_op[2-512-8-8-64-True--1--1-dtype7-False]" time="0.282"><properties><property name="op" value="GroupedQueryAttentionSlidingWindowFwdOp" /><property name="op_module" value="tileops.ops.attention.gqa" /><property name="max_abs_err" value="1.22e-04" /></properties></testcase><testcase classname="tests.ops.attention.test_gqa_sliding_window" name="test_gqa_sliding_window_fwd_op[2-512-16-1-64-True--1--1-dtype8-False]" time="0.279"><properties><property name="op" value="GroupedQueryAttentionSlidingWindowFwdOp" /><property name="op_module" value="tileops.ops.attention.gqa" /><property name="max_abs_err" value="1.22e-04" /></properties></testcase><testcase classname="tests.ops.attention.test_gqa_sliding_window" name="test_gqa_sliding_window_fwd_op[2-384-8-2-64-True--1--1-dtype9-False]" time="0.279"><properties><property name="op" value="GroupedQueryAttentionSlidingWindowFwdOp" /><property name="op_module" value="tileops.ops.attention.gqa" /><property name="max_abs_err" value="1.22e-04" /></properties></testcase><testcase classname="tests.ops.attention.test_gqa_sliding_window" name="test_gqa_sliding_window_fwd_op[2-768-8-2-64-False-256--1-dtype10-False]" time="0.537"><properties><property name="op" value="GroupedQueryAttentionSlidingWindowFwdOp" /><property name="op_module" value="tileops.ops.attention.gqa" /><property name="max_abs_err" value="1.53e-05" /></properties></testcase><testcase classname="tests.ops.attention.test_gqa_sliding_window" name="test_gqa_sliding_window_fwd_op[1-2048-8-2-64-True-512--1-dtype11-False]" time="0.284"><properties><property name="op" value="GroupedQueryAttentionSlidingWindowFwdOp" /><property name="op_module" value="tileops.ops.attention.gqa" /><property name="max_abs_err" value="6.10e-05" /></properties></testcase><testcase classname="tests.ops.attention.test_gqa_sliding_window" name="test_gqa_sliding_window_fwd_op[2-512-8-2-64-False--1-64-dtype12-False]" time="0.281"><properties><property name="op" value="GroupedQueryAttentionSlidingWindowFwdOp" /><property name="op_module" value="tileops.ops.attention.gqa" /><property name="max_abs_err" value="3.05e-05" /></properties></testcase><testcase classname="tests.ops.attention.test_gqa_sliding_window" name="test_gqa_sliding_window_fwd_op[2-256-8-2-64-True-0--1-dtype13-False]" time="0.279"><properties><property name="op" value="GroupedQueryAttentionSlidingWindowFwdOp" /><property name="op_module" value="tileops.ops.attention.gqa" /><property name="max_abs_err" value="0.00e+00" /></properties></testcase><testcase classname="tests.ops.attention.test_gqa_sliding_window_varlen" name="test_gqa_sliding_window_varlen_fwd_op[2-seqlens_q2-seqlens_k2-8-2-64-True-128--1-dtype2-False]" time="0.295"><properties><property name="op" value="GroupedQueryAttentionSlidingWindowVarlenFwdOp" /><property name="op_module" value="tileops.ops.attention.gqa" /><property name="max_abs_err" value="6.10e-05" /></properties></testcase><testcase classname="tests.ops.attention.test_gqa_sliding_window_varlen" name="test_gqa_sliding_window_varlen_fwd_op[2-seqlens_q3-seqlens_k3-8-2-64-False--1--1-dtype3-False]" time="0.292"><properties><property name="op" value="GroupedQueryAttentionSlidingWindowVarlenFwdOp" /><property name="op_module" value="tileops.ops.attention.gqa" /><property name="max_abs_err" value="7.63e-06" /></properties></testcase><testcase classname="tests.ops.attention.test_gqa_sliding_window_varlen" name="test_gqa_sliding_window_varlen_fwd_op[2-seqlens_q4-seqlens_k4-8-2-64-False-64-64-dtype4-False]" time="0.301"><properties><property name="op" value="GroupedQueryAttentionSlidingWindowVarlenFwdOp" /><property name="op_module" value="tileops.ops.attention.gqa" /><property name="max_abs_err" value="3.05e-05" /></properties></testcase><testcase classname="tests.ops.attention.test_gqa_sliding_window_varlen" name="test_gqa_sliding_window_varlen_fwd_op[2-seqlens_q5-seqlens_k5-8-2-64-True--1--1-dtype5-False]" time="0.294"><properties><property name="op" value="GroupedQueryAttentionSlidingWindowVarlenFwdOp" /><property name="op_module" value="tileops.ops.attention.gqa" /><property name="max_abs_err" value="1.53e-05" /></properties></testcase><testcase classname="tests.ops.attention.test_gqa_sliding_window_varlen" name="test_gqa_sliding_window_varlen_fwd_op[2-seqlens_q6-seqlens_k6-8-2-64-True-128--1-dtype6-False]" time="0.292"><properties><property name="op" value="GroupedQueryAttentionSlidingWindowVarlenFwdOp" /><property name="op_module" value="tileops.ops.attention.gqa" /><property name="max_abs_err" value="1.53e-05" /></properties></testcase><testcase classname="tests.ops.attention.test_gqa_sliding_window_varlen" name="test_gqa_sliding_window_varlen_fwd_op[2-seqlens_q7-seqlens_k7-8-2-64-False-64-64-dtype7-False]" time="0.293"><properties><property name="op" value="GroupedQueryAttentionSlidingWindowVarlenFwdOp" /><property name="op_module" value="tileops.ops.attention.gqa" /><property name="max_abs_err" value="3.05e-05" /></properties></testcase><testcase classname="tests.ops.attention.test_gqa_sliding_window_varlen" name="test_gqa_sliding_window_varlen_fwd_op[2-seqlens_q8-seqlens_k8-8-2-64-False-64-64-dtype8-False]" time="0.294"><properties><property name="op" value="GroupedQueryAttentionSlidingWindowVarlenFwdOp" /><property name="op_module" value="tileops.ops.attention.gqa" /><property name="max_abs_err" value="2.44e-04" /></properties></testcase><testcase classname="tests.ops.attention.test_gqa_sliding_window_varlen" name="test_gqa_sliding_window_varlen_fwd_op[2-seqlens_q9-seqlens_k9-8-8-64-True--1--1-dtype9-False]" time="0.296"><properties><property name="op" value="GroupedQueryAttentionSlidingWindowVarlenFwdOp" /><property name="op_module" value="tileops.ops.attention.gqa" /><property name="max_abs_err" value="1.22e-04" /></properties></testcase><testcase classname="tests.ops.attention.test_gqa_sliding_window_varlen" name="test_gqa_sliding_window_varlen_fwd_op[2-seqlens_q10-seqlens_k10-16-1-64-True--1--1-dtype10-False]" time="0.292"><properties><property name="op" value="GroupedQueryAttentionSlidingWindowVarlenFwdOp" /><property name="op_module" value="tileops.ops.attention.gqa" /><property name="max_abs_err" value="1.22e-04" /></properties></testcase><testcase classname="tests.ops.attention.test_gqa_sliding_window_varlen" name="test_gqa_sliding_window_varlen_fwd_op[3-seqlens_q11-seqlens_k11-8-2-64-True--1--1-dtype11-False]" time="0.293"><properties><property name="op" value="GroupedQueryAttentionSlidingWindowVarlenFwdOp" /><property name="op_module" value="tileops.ops.attention.gqa" /><property name="max_abs_err" value="1.22e-04" /></properties></testcase><testcase classname="tests.ops.attention.test_gqa_sliding_window_varlen" name="test_gqa_sliding_window_varlen_fwd_op[2-seqlens_q12-seqlens_k12-8-2-64-False--1-64-dtype12-False]" time="0.293"><properties><property name="op" value="GroupedQueryAttentionSlidingWindowVarlenFwdOp" /><property name="op_module" value="tileops.ops.attention.gqa" /><property name="max_abs_err" value="3.05e-05" /></properties></testcase><testcase classname="tests.ops.attention.test_gqa_sliding_window_varlen" name="test_gqa_sliding_window_varlen_fwd_op[2-seqlens_q13-seqlens_k13-8-2-64-True-0--1-dtype13-False]" time="0.292"><properties><property name="op" value="GroupedQueryAttentionSlidingWindowVarlenFwdOp" /><property name="op_module" value="tileops.ops.attention.gqa" /><property name="max_abs_err" value="0.00e+00" /></properties></testcase><testcase classname="tests.ops.attention.test_mha" name="test_mha_fwd[full-fwd-fp16]" time="0.279"><properties><property name="op" value="MultiHeadAttentionFwdOp" /><property name="op_module" value="tileops.ops.attention.mha" /><property name="max_abs_err" value="2.44e-04" /></properties></testcase><testcase classname="tests.ops.attention.test_mha" name="test_mha_fwd[full-fwd-bf16-tuned]" time="0.433"><properties><property name="op" value="MultiHeadAttentionFwdOp" /><property name="op_module" value="tileops.ops.attention.mha" /><property name="max_abs_err" value="9.77e-04" /></properties></testcase><testcase classname="tests.ops.attention.test_mha" name="test_mha_bwd[full-bwd-fp16-large]" time="0.224"><properties><property name="op" value="MultiHeadAttentionBwdOp" /><property name="op_module" value="tileops.ops.attention.mha" /><property name="max_abs_err" value="4.88e-04" /></properties></testcase><testcase classname="tests.ops.attention.test_mha" name="test_mha_bwd[full-bwd-bf16-tuned]" time="0.486"><properties><property name="op" value="MultiHeadAttentionBwdOp" /><property name="op_module" value="tileops.ops.attention.mha" /><property name="max_abs_err" value="1.95e-03" /></properties></testcase><testcase classname="tests.ops.attention.test_mha_decode" name="test_mha_decode[1-32-128-5-128-dtype2-False]" time="0.326"><properties><property name="op" value="MultiHeadAttentionDecodeWithKVCacheFwdOp" /><property name="op_module" value="tileops.ops.attention.mha" /><property name="max_abs_err" value="9.77e-04" /></properties></testcase><testcase classname="tests.ops.attention.test_mha_decode_paged" name="test_mha_decode_paged_op[1-8-1-1024-64-256-False-dtype2-False]" time="0.464"><properties><property name="op" value="MultiHeadAttentionDecodePagedWithKVCacheFwdOp" /><property name="op_module" value="tileops.ops.attention.mha" /><property name="max_abs_err" value="1.22e-04" /></properties></testcase><testcase classname="tests.ops.attention.test_mha_decode_paged" name="test_mha_decode_paged_op[2-8-1-1024-64-256-False-dtype3-False]" time="0.454"><properties><property name="op" value="MultiHeadAttentionDecodePagedWithKVCacheFwdOp" /><property name="op_module" value="tileops.ops.attention.mha" /><property name="max_abs_err" value="1.22e-04" /></properties></testcase><testcase classname="tests.ops.attention.test_mha_decode_paged" name="test_mha_decode_paged_op[1-8-1-512-64-256-False-dtype4-False]" time="0.453"><properties><property name="op" value="MultiHeadAttentionDecodePagedWithKVCacheFwdOp" /><property name="op_module" value="tileops.ops.attention.mha" /><property name="max_abs_err" value="1.22e-04" /></properties></testcase><testcase classname="tests.ops.attention.test_mha_decode_paged" name="test_mha_decode_paged_cache_shorter_than_bound[real_lengths1]" time="0.455" /><testcase classname="tests.ops.attention.test_mha_decode_paged" name="test_mha_decode_paged_cache_shorter_than_bound[real_lengths2]" time="0.454" /><testcase classname="tests.ops.test_activation" name="test_relu_op[4000000-dtype3]" time="0.034"><properties><property name="op" value="ReluFwdOp" /><property name="op_module" value="tileops.ops.elementwise.activations" /><property name="max_abs_err" value="0.00e+00" /></properties></testcase><testcase classname="tests.ops.test_activation" name="test_relu_op[4000000-dtype4]" time="0.034"><properties><property name="op" value="ReluFwdOp" /><property name="op_module" value="tileops.ops.elementwise.activations" /><property name="max_abs_err" value="0.00e+00" /></properties></testcase><testcase classname="tests.ops.test_activation" name="test_relu_strategies[1000000-dtype1-explicit_parallel]" time="0.024"><properties><property name="op" value="ReluFwdKernel" /><property name="op_module" value="tileops.kernels.elementwise.activations" /><property name="max_abs_err" value="0.00e+00" /></properties></testcase><testcase classname="tests.ops.test_activation" name="test_relu_strategies[1000000-dtype2-register_copy]" time="0.032"><properties><property name="op" value="ReluFwdKernel" /><property name="op_module" value="tileops.kernels.elementwise.activations" /><property name="max_abs_err" value="0.00e+00" /></properties></testcase><testcase classname="tests.ops.test_ada_layer_norm" name="test_ada_layer_norm_op[4096-4096-dtype3]" time="0.300"><properties><property name="op" value="AdaLayerNormFwdOp" /><property name="op_module" value="tileops.ops.norm.ada_layer_norm" /><property name="max_abs_err" value="2.86e-06" /></properties></testcase><testcase classname="tests.ops.test_ada_layer_norm" name="test_ada_layer_norm_op[4096-4096-dtype4]" time="0.295"><properties><property name="op" value="AdaLayerNormFwdOp" /><property name="op_module" value="tileops.ops.norm.ada_layer_norm" /><property name="max_abs_err" value="3.91e-03" /></properties></testcase><testcase classname="tests.ops.test_ada_layer_norm" name="test_ada_layer_norm_op[4096-4096-dtype5]" time="0.293"><properties><property name="op" value="AdaLayerNormFwdOp" /><property name="op_module" value="tileops.ops.norm.ada_layer_norm" /><property name="max_abs_err" value="1.56e-02" /></properties></testcase><testcase classname="tests.ops.test_ada_layer_norm" name="test_ada_layer_norm_op[1024-3000-dtype6]" time="0.584"><properties><property name="op" value="AdaLayerNormFwdOp" /><property name="op_module" value="tileops.ops.norm.ada_layer_norm" /><property name="max_abs_err" value="1.91e-06" /></properties></testcase><testcase classname="tests.ops.test_ada_layer_norm" name="test_ada_layer_norm_op[1024-3000-dtype7]" time="0.295"><properties><property name="op" value="AdaLayerNormFwdOp" /><property name="op_module" value="tileops.ops.norm.ada_layer_norm" /><property name="max_abs_err" value="3.91e-03" /></properties></testcase><testcase classname="tests.ops.test_ada_layer_norm" name="test_ada_layer_norm_op[1024-3000-dtype8]" time="0.295"><properties><property name="op" value="AdaLayerNormFwdOp" /><property name="op_module" value="tileops.ops.norm.ada_layer_norm" /><property name="max_abs_err" value="1.56e-02" /></properties></testcase><testcase classname="tests.ops.test_ada_layer_norm" name="test_ada_layer_norm_op[1025-4096-dtype9]" time="0.298"><properties><property name="op" value="AdaLayerNormFwdOp" /><property name="op_module" value="tileops.ops.norm.ada_layer_norm" /><property name="max_abs_err" value="3.91e-03" /></properties></testcase><testcase classname="tests.ops.test_ada_layer_norm" name="test_ada_layer_norm_op[1025-4096-dtype10]" time="0.295"><properties><property name="op" value="AdaLayerNormFwdOp" /><property name="op_module" value="tileops.ops.norm.ada_layer_norm" /><property name="max_abs_err" value="7.81e-03" /></properties></testcase><testcase classname="tests.ops.test_ada_layer_norm_zero" name="test_ada_layer_norm_zero_op[4096-4096-dtype3]" time="0.288"><properties><property name="op" value="AdaLayerNormZeroFwdOp" /><property name="op_module" value="tileops.ops.norm.ada_layer_norm_zero" /><property name="max_abs_err" value="5.72e-06" /></properties></testcase><testcase classname="tests.ops.test_ada_layer_norm_zero" name="test_ada_layer_norm_zero_op[4096-4096-dtype4]" time="0.288"><properties><property name="op" value="AdaLayerNormZeroFwdOp" /><property name="op_module" value="tileops.ops.norm.ada_layer_norm_zero" /><property name="max_abs_err" value="7.81e-03" /></properties></testcase><testcase classname="tests.ops.test_ada_layer_norm_zero" name="test_ada_layer_norm_zero_op[4096-4096-dtype5]" time="0.290"><properties><property name="op" value="AdaLayerNormZeroFwdOp" /><property name="op_module" value="tileops.ops.norm.ada_layer_norm_zero" /><property name="max_abs_err" value="1.56e-02" /></properties></testcase><testcase classname="tests.ops.test_ada_layer_norm_zero" name="test_ada_layer_norm_zero_op[1024-3000-dtype6]" time="0.286"><properties><property name="op" value="AdaLayerNormZeroFwdOp" /><property name="op_module" value="tileops.ops.norm.ada_layer_norm_zero" /><property name="max_abs_err" value="3.81e-06" /></properties></testcase><testcase classname="tests.ops.test_ada_layer_norm_zero" name="test_ada_layer_norm_zero_op[1024-3000-dtype7]" time="0.287"><properties><property name="op" value="AdaLayerNormZeroFwdOp" /><property name="op_module" value="tileops.ops.norm.ada_layer_norm_zero" /><property name="max_abs_err" value="3.91e-03" /></properties></testcase><testcase classname="tests.ops.test_ada_layer_norm_zero" name="test_ada_layer_norm_zero_op[1024-3000-dtype8]" time="0.290"><properties><property name="op" value="AdaLayerNormZeroFwdOp" /><property name="op_module" value="tileops.ops.norm.ada_layer_norm_zero" /><property name="max_abs_err" value="1.56e-02" /></properties></testcase><testcase classname="tests.ops.test_ada_layer_norm_zero" name="test_ada_layer_norm_zero_op[1025-4096-dtype9]" time="0.288"><properties><property name="op" value="AdaLayerNormZeroFwdOp" /><property name="op_module" value="tileops.ops.norm.ada_layer_norm_zero" /><property name="max_abs_err" value="3.91e-03" /></properties></testcase><testcase classname="tests.ops.test_ada_layer_norm_zero" name="test_ada_layer_norm_zero_op[1025-4096-dtype10]" time="0.288"><properties><property name="op" value="AdaLayerNormZeroFwdOp" /><property name="op_module" value="tileops.ops.norm.ada_layer_norm_zero" /><property name="max_abs_err" value="7.81e-03" /></properties></testcase><testcase classname="tests.ops.test_argreduce" name="test_argmax_op[256-4096-dtype3]" time="0.116"><properties><property name="op" value="ArgmaxFwdOp" /><property name="op_module" value="tileops.ops.reduction.argreduce" /><property name="max_abs_err" value="0.00e+00" /></properties></testcase><testcase classname="tests.ops.test_argreduce" name="test_argmax_op[256-4096-dtype4]" time="0.109"><properties><property name="op" value="ArgmaxFwdOp" /><property name="op_module" value="tileops.ops.reduction.argreduce" /><property name="max_abs_err" value="0.00e+00" /></properties></testcase><testcase classname="tests.ops.test_argreduce" name="test_argmax_op[128-300-dtype5]" time="0.082"><properties><property name="op" value="ArgmaxFwdOp" /><property name="op_module" value="tileops.ops.reduction.argreduce" /><property name="max_abs_err" value="0.00e+00" /></properties></testcase><testcase classname="tests.ops.test_argreduce" name="test_argmax_op[128-300-dtype6]" time="0.083"><properties><property name="op" value="ArgmaxFwdOp" /><property name="op_module" value="tileops.ops.reduction.argreduce" /><property name="max_abs_err" value="0.00e+00" /></properties></testcase><testcase classname="tests.ops.test_argreduce" name="test_argmax_op[129-512-dtype7]" time="0.081"><properties><property name="op" value="ArgmaxFwdOp" /><property name="op_module" value="tileops.ops.reduction.argreduce" /><property name="max_abs_err" value="0.00e+00" /></properties></testcase><testcase classname="tests.ops.test_argreduce" name="test_argmax_spec_dim[shape2--1-True-dtype2]" time="0.083" /><testcase classname="tests.ops.test_argreduce" name="test_argmax_spec_dim[shape3-0-False-dtype3]" time="0.002" /><testcase classname="tests.ops.test_argreduce" name="test_argmax_spec_dim[shape4-1-False-dtype4]" time="0.081" /><testcase classname="tests.ops.test_argreduce" name="test_argmax_spec_dim[shape5--1-True-dtype5]" time="0.081" /><testcase classname="tests.ops.test_argreduce" name="test_argmin_op[256-4096-dtype3]" time="0.115"><properties><property name="op" value="ArgminFwdOp" /><property name="op_module" value="tileops.ops.reduction.argreduce" /><property name="max_abs_err" value="0.00e+00" /></properties></testcase><testcase classname="tests.ops.test_argreduce" name="test_argmin_op[256-4096-dtype4]" time="0.108"><properties><property name="op" value="ArgminFwdOp" /><property name="op_module" value="tileops.ops.reduction.argreduce" /><property name="max_abs_err" value="0.00e+00" /></properties></testcase><testcase classname="tests.ops.test_argreduce" name="test_argmin_op[128-300-dtype5]" time="0.083"><properties><property name="op" value="ArgminFwdOp" /><property name="op_module" value="tileops.ops.reduction.argreduce" /><property name="max_abs_err" value="0.00e+00" /></properties></testcase><testcase classname="tests.ops.test_argreduce" name="test_argmin_op[128-300-dtype6]" time="0.084"><properties><property name="op" value="ArgminFwdOp" /><property name="op_module" value="tileops.ops.reduction.argreduce" /><property name="max_abs_err" value="0.00e+00" /></properties></testcase><testcase classname="tests.ops.test_argreduce" name="test_argmin_op[129-512-dtype7]" time="0.083"><properties><property name="op" value="ArgminFwdOp" /><property name="op_module" value="tileops.ops.reduction.argreduce" /><property name="max_abs_err" value="0.00e+00" /></properties></testcase><testcase classname="tests.ops.test_argreduce" name="test_argmin_spec_dim[shape2--1-True-dtype2]" time="0.083" /><testcase classname="tests.ops.test_argreduce" name="test_argmin_spec_dim[shape3-0-False-dtype3]" time="0.002" /><testcase classname="tests.ops.test_argreduce" name="test_argmin_spec_dim[shape4-1-False-dtype4]" time="0.084" /><testcase classname="tests.ops.test_argreduce" name="test_argmin_spec_dim[shape5--1-True-dtype5]" time="0.083" /><testcase classname="tests.ops.test_argreduce" name="test_argmax_dim_none[shape6-dtype6]" time="0.083" /><testcase classname="tests.ops.test_argreduce" name="test_argmin_dim_none[shape6-dtype6]" time="0.083" /><testcase classname="tests.ops.test_batch_norm" name="test_batch_norm_fwd[32-64-spatial2-dtype2-False]" time="0.053" /><testcase classname="tests.ops.test_batch_norm" name="test_batch_norm_fwd[32-256-spatial3-dtype3-True]" time="0.169" /><testcase classname="tests.ops.test_batch_norm" name="test_batch_norm_fwd[16-64-spatial4-dtype4-True]" time="0.196" /><testcase classname="tests.ops.test_batch_norm" name="test_batch_norm_fwd[4-64-spatial5-dtype5-True]" time="0.169" /><testcase classname="tests.ops.test_batch_norm" name="test_batch_norm_fwd[8-64-spatial6-dtype6-True]" time="0.492" /><testcase classname="tests.ops.test_batch_norm" name="test_batch_norm_fwd[8-64-spatial7-dtype7-False]" time="0.158" /><testcase classname="tests.ops.test_batch_norm" name="test_batch_norm_fwd[4-128-spatial8-dtype8-True]" time="0.171" /><testcase classname="tests.ops.test_batch_norm" name="test_batch_norm_fwd[8-64-spatial9-dtype9-True]" time="0.170" /><testcase classname="tests.ops.test_batch_norm" name="test_batch_norm_fwd[8-64-spatial10-dtype10-True]" time="0.171" /><testcase classname="tests.ops.test_batch_norm" name="test_batch_norm_fwd[16-1024-spatial11-dtype11-True]" time="0.169" /><testcase classname="tests.ops.test_batch_norm" name="test_batch_norm_bwd[8-64-spatial2-dtype2]" time="0.197" /><testcase classname="tests.ops.test_batch_norm" name="test_batch_norm_bwd[4-128-spatial3-dtype3]" time="0.167" /><testcase classname="tests.ops.test_batch_norm" name="test_batch_norm_bwd[4-64-spatial4-dtype4]" time="0.170" /><testcase classname="tests.ops.test_batch_norm" name="test_batch_norm_bwd[8-64-spatial5-dtype5]" time="0.170" /><testcase classname="tests.ops.test_batch_norm" name="test_batch_norm_bwd[8-64-spatial6-dtype6]" time="0.169" /><testcase classname="tests.ops.test_binary_arith" name="test_coalesce_broadcast_dims[a_shape1-b_shape1-2]" time="0.002" /><testcase classname="tests.ops.test_binary_arith" name="test_coalesce_broadcast_dims[a_shape2-b_shape2-2]" time="0.002" /><testcase classname="tests.ops.test_binary_arith" name="test_coalesce_broadcast_dims[a_shape3-b_shape3-1]" time="0.002" /><testcase classname="tests.ops.test_binary_arith" name="test_coalesce_broadcast_dims[a_shape4-b_shape4-3]" time="0.002" /><testcase classname="tests.ops.test_binary_arith" name="test_coalesce_broadcast_dims[a_shape5-b_shape5-2]" time="0.002" /><testcase classname="tests.ops.test_binary_arith" name="test_coalesce_broadcast_dims[a_shape6-b_shape6-1]" time="0.002" /><testcase classname="tests.ops.test_binary_arith" name="test_coalesce_broadcast_dims[a_shape7-b_shape7-1]" time="0.002" /><testcase classname="tests.ops.test_binary_arith" name="test_add_same_shape[16384-dtype3]" time="0.040"><properties><property name="op" value="AddFwdOp" /><property name="op_module" value="tileops.ops.elementwise.arithmetic" /><property name="max_abs_err" value="0.00e+00" /></properties></testcase><testcase classname="tests.ops.test_binary_arith" name="test_add_broadcast[a_shape1-b_shape1-dtype1]" time="0.053"><properties><property name="op" value="AddFwdOp" /><property name="op_module" value="tileops.ops.elementwise.arithmetic" /><property name="max_abs_err" value="0.00e+00" /></properties></testcase><testcase classname="tests.ops.test_binary_arith" name="test_add_broadcast[a_shape2-b_shape2-dtype2]" time="0.033"><properties><property name="op" value="AddFwdOp" /><property name="op_module" value="tileops.ops.elementwise.arithmetic" /><property name="max_abs_err" value="0.00e+00" /></properties></testcase><testcase classname="tests.ops.test_binary_arith" name="test_add_broadcast[a_shape3-b_shape3-dtype3]" time="0.057"><properties><property name="op" value="AddFwdOp" /><property name="op_module" value="tileops.ops.elementwise.arithmetic" /><property name="max_abs_err" value="0.00e+00" /></properties></testcase><testcase classname="tests.ops.test_binary_arith" name="test_binary_arith_broadcast[sub-SubFwdOp-&lt;lambda&gt;-&lt;lambda&gt;-&lt;lambda&gt;-a_shape1-b_shape1]" time="0.052" /><testcase classname="tests.ops.test_binary_arith" name="test_binary_arith_broadcast[sub-SubFwdOp-&lt;lambda&gt;-&lt;lambda&gt;-&lt;lambda&gt;-a_shape2-b_shape2]" time="0.033" /><testcase classname="tests.ops.test_binary_arith" name="test_binary_arith_broadcast[mul-MulFwdOp-&lt;lambda&gt;-&lt;lambda&gt;-&lt;lambda&gt;-a_shape3-b_shape3]" time="0.052" /><testcase classname="tests.ops.test_binary_arith" name="test_binary_arith_broadcast[mul-MulFwdOp-&lt;lambda&gt;-&lt;lambda&gt;-&lt;lambda&gt;-a_shape4-b_shape4]" time="0.051" /><testcase classname="tests.ops.test_binary_arith" name="test_binary_arith_broadcast[mul-MulFwdOp-&lt;lambda&gt;-&lt;lambda&gt;-&lt;lambda&gt;-a_shape5-b_shape5]" time="0.034" /><testcase classname="tests.ops.test_binary_arith" name="test_binary_arith_broadcast[div-DivFwdOp-&lt;lambda&gt;-&lt;lambda&gt;-&lt;lambda&gt;-a_shape6-b_shape6]" time="0.053" /><testcase classname="tests.ops.test_binary_arith" name="test_binary_arith_broadcast[div-DivFwdOp-&lt;lambda&gt;-&lt;lambda&gt;-&lt;lambda&gt;-a_shape7-b_shape7]" time="0.051" /><testcase classname="tests.ops.test_binary_arith" name="test_binary_arith_broadcast[div-DivFwdOp-&lt;lambda&gt;-&lt;lambda&gt;-&lt;lambda&gt;-a_shape8-b_shape8]" time="0.033" /><testcase classname="tests.ops.test_binary_arith" name="test_binary_arith_broadcast[remainder-RemainderFwdOp-&lt;lambda&gt;-&lt;lambda&gt;-&lt;lambda&gt;-a_shape9-b_shape9]" time="0.052" /><testcase classname="tests.ops.test_binary_arith" name="test_binary_arith_broadcast[remainder-RemainderFwdOp-&lt;lambda&gt;-&lt;lambda&gt;-&lt;lambda&gt;-a_shape10-b_shape10]" time="0.053" /><testcase classname="tests.ops.test_binary_arith" name="test_binary_arith_broadcast[remainder-RemainderFwdOp-&lt;lambda&gt;-&lt;lambda&gt;-&lt;lambda&gt;-a_shape11-b_shape11]" time="0.033" /><testcase classname="tests.ops.test_binary_arith" name="test_binary_arith_broadcast[pow-PowFwdOp-&lt;lambda&gt;-&lt;lambda&gt;-&lt;lambda&gt;-a_shape12-b_shape12]" time="0.086" /><testcase classname="tests.ops.test_binary_arith" name="test_binary_arith_broadcast[pow-PowFwdOp-&lt;lambda&gt;-&lt;lambda&gt;-&lt;lambda&gt;-a_shape13-b_shape13]" time="0.052" /><testcase classname="tests.ops.test_binary_arith" name="test_binary_arith_broadcast[pow-PowFwdOp-&lt;lambda&gt;-&lt;lambda&gt;-&lt;lambda&gt;-a_shape14-b_shape14]" time="0.034" /><testcase classname="tests.ops.test_binary_arith" name="test_binary_arith_broadcast[floor_divide-FloorDivideFwdOp-&lt;lambda&gt;-&lt;lambda&gt;-&lt;lambda&gt;-a_shape15-b_shape15]" time="0.052" /><testcase classname="tests.ops.test_binary_arith" name="test_binary_arith_broadcast[floor_divide-FloorDivideFwdOp-&lt;lambda&gt;-&lt;lambda&gt;-&lt;lambda&gt;-a_shape16-b_shape16]" time="0.051" /><testcase classname="tests.ops.test_binary_arith" name="test_binary_arith_broadcast[floor_divide-FloorDivideFwdOp-&lt;lambda&gt;-&lt;lambda&gt;-&lt;lambda&gt;-a_shape17-b_shape17]" time="0.033" /><testcase classname="tests.ops.test_binary_arith" name="test_binary_arith_broadcast[lerp-LerpFwdOp-&lt;lambda&gt;-&lt;lambda&gt;-&lt;lambda&gt;-a_shape18-b_shape18]" time="0.056" /><testcase classname="tests.ops.test_binary_arith" name="test_binary_arith_broadcast[lerp-LerpFwdOp-&lt;lambda&gt;-&lt;lambda&gt;-&lt;lambda&gt;-a_shape19-b_shape19]" time="0.054" /><testcase classname="tests.ops.test_binary_arith" name="test_binary_arith_broadcast[lerp-LerpFwdOp-&lt;lambda&gt;-&lt;lambda&gt;-&lt;lambda&gt;-a_shape20-b_shape20]" time="0.033" /><testcase classname="tests.ops.test_binary_arith" name="test_binary_arith_broadcast[maximum-MaximumFwdOp-&lt;lambda&gt;-&lt;lambda&gt;-&lt;lambda&gt;-a_shape21-b_shape21]" time="0.054" /><testcase classname="tests.ops.test_binary_arith" name="test_binary_arith_broadcast[maximum-MaximumFwdOp-&lt;lambda&gt;-&lt;lambda&gt;-&lt;lambda&gt;-a_shape22-b_shape22]" time="0.052" /><testcase classname="tests.ops.test_binary_arith" name="test_binary_arith_broadcast[maximum-MaximumFwdOp-&lt;lambda&gt;-&lt;lambda&gt;-&lt;lambda&gt;-a_shape23-b_shape23]" time="0.034" /><testcase classname="tests.ops.test_binary_arith" name="test_binary_arith_broadcast[minimum-MinimumFwdOp-&lt;lambda&gt;-&lt;lambda&gt;-&lt;lambda&gt;-a_shape24-b_shape24]" time="0.053" /><testcase classname="tests.ops.test_binary_arith" name="test_binary_arith_broadcast[minimum-MinimumFwdOp-&lt;lambda&gt;-&lt;lambda&gt;-&lt;lambda&gt;-a_shape25-b_shape25]" time="0.053" /><testcase classname="tests.ops.test_binary_arith" name="test_binary_arith_broadcast[minimum-MinimumFwdOp-&lt;lambda&gt;-&lt;lambda&gt;-&lt;lambda&gt;-a_shape26-b_shape26]" time="0.033" /><testcase classname="tests.ops.test_binary_arith" name="test_add_strategies[16384-dtype1-explicit_parallel]" time="0.025"><properties><property name="op" value="AddFwdKernel" /><property name="op_module" value="tileops.kernels.elementwise.arithmetic" /><property name="max_abs_err" value="0.00e+00" /></properties></testcase><testcase classname="tests.ops.test_binary_arith" name="test_binary_arith_edge_cases[RemainderFwdOp-&lt;lambda&gt;-&lt;lambda&gt;]" time="0.060" /><testcase classname="tests.ops.test_binary_arith" name="test_binary_arith_edge_cases[FloorDivideFwdOp-&lt;lambda&gt;-&lt;lambda&gt;]" time="0.041" /><testcase classname="tests.ops.test_binary_arith" name="test_binary_arith_edge_cases[PowFwdOp-&lt;lambda&gt;-&lt;lambda&gt;]" time="0.039" /><testcase classname="tests.ops.test_binary_arith" name="test_binary_arith_edge_cases[MaximumFwdOp-&lt;lambda&gt;-&lt;lambda&gt;]" time="0.040" /><testcase classname="tests.ops.test_binary_arith" name="test_max_min_optimized_large[10485760-dtype2-maximum]" time="0.040" /><testcase classname="tests.ops.test_binary_arith" name="test_max_min_optimized_large[10485760-dtype2-minimum]" time="0.039" /><testcase classname="tests.ops.test_bitwise" name="test_bitwise_and_op[16384]" time="0.041"><properties><property name="op" value="BitwiseAndFwdOp" /><property name="op_module" value="tileops.ops.elementwise.bitwise" /><property name="max_abs_err" value="0.00e+00" /></properties></testcase><testcase classname="tests.ops.test_bitwise" name="test_bitwise_or_op[16384]" time="0.041"><properties><property name="op" value="BitwiseOrFwdOp" /><property name="op_module" value="tileops.ops.elementwise.bitwise" /><property name="max_abs_err" value="0.00e+00" /></properties></testcase><testcase classname="tests.ops.test_bitwise" name="test_bitwise_xor_op[16384]" time="0.039"><properties><property name="op" value="BitwiseXorFwdOp" /><property name="op_module" value="tileops.ops.elementwise.bitwise" /><property name="max_abs_err" value="0.00e+00" /></properties></testcase><testcase classname="tests.ops.test_bitwise" name="test_bitwise_broadcast[bitwise_and-BitwiseAndFwdOp-bitwise_and-a_shape1-b_shape1]" time="0.051" /><testcase classname="tests.ops.test_bitwise" name="test_bitwise_broadcast[bitwise_and-BitwiseAndFwdOp-bitwise_and-a_shape2-b_shape2]" time="0.033" /><testcase classname="tests.ops.test_bitwise" name="test_bitwise_broadcast[bitwise_or-BitwiseOrFwdOp-bitwise_or-a_shape3-b_shape3]" time="0.051" /><testcase classname="tests.ops.test_bitwise" name="test_bitwise_broadcast[bitwise_or-BitwiseOrFwdOp-bitwise_or-a_shape4-b_shape4]" time="0.051" /><testcase classname="tests.ops.test_bitwise" name="test_bitwise_broadcast[bitwise_or-BitwiseOrFwdOp-bitwise_or-a_shape5-b_shape5]" time="0.032" /><testcase classname="tests.ops.test_bitwise" name="test_bitwise_broadcast[bitwise_xor-BitwiseXorFwdOp-bitwise_xor-a_shape6-b_shape6]" time="0.051" /><testcase classname="tests.ops.test_bitwise" name="test_bitwise_broadcast[bitwise_xor-BitwiseXorFwdOp-bitwise_xor-a_shape7-b_shape7]" time="0.051" /><testcase classname="tests.ops.test_bitwise" name="test_bitwise_broadcast[bitwise_xor-BitwiseXorFwdOp-bitwise_xor-a_shape8-b_shape8]" time="0.032" /><testcase classname="tests.ops.test_bitwise" name="test_bool_bitwise_fast_path[bitwise_and-BitwiseAndFwdOp-bitwise_and-a_shape3-b_shape3]" time="0.051" /><testcase classname="tests.ops.test_bitwise" name="test_bool_bitwise_fast_path[bitwise_or-BitwiseOrFwdOp-bitwise_or-a_shape4-b_shape4]" time="0.052" /><testcase classname="tests.ops.test_bitwise" name="test_bool_bitwise_fast_path[bitwise_xor-BitwiseXorFwdOp-bitwise_xor-a_shape5-b_shape5]" time="0.051" /><testcase classname="tests.ops.test_bitwise" name="test_bitwise_binary_rejects_float_dtype[BitwiseOrFwdOp-dtype3]" time="0.003" /><testcase classname="tests.ops.test_bitwise" name="test_bitwise_binary_rejects_float_dtype[BitwiseXorFwdOp-dtype4]" time="0.002" /><testcase classname="tests.ops.test_bmm" name="test_bmm[full-fp16-b8-512]" time="0.068"><properties><property name="op" value="BmmFwdOp" /><property name="op_module" value="tileops.ops.gemm.bmm" /><property name="max_abs_err" value="0.00e+00" /></properties></testcase><testcase classname="tests.ops.test_bmm" name="test_bmm[full-bf16-b8-512]" time="0.143"><properties><property name="op" value="BmmFwdOp" /><property name="op_module" value="tileops.ops.gemm.bmm" /><property name="max_abs_err" value="0.00e+00" /></properties></testcase><testcase classname="tests.ops.test_bmm" name="test_bmm[full-fp16-b16-256]" time="0.067"><properties><property name="op" value="BmmFwdOp" /><property name="op_module" value="tileops.ops.gemm.bmm" /><property name="max_abs_err" value="0.00e+00" /></properties></testcase><testcase classname="tests.ops.test_bmm" name="test_bmm[full-fp16-b1-1k]" time="0.064"><properties><property name="op" value="BmmFwdOp" /><property name="op_module" value="tileops.ops.gemm.bmm" /><property name="max_abs_err" value="0.00e+00" /></properties></testcase><testcase classname="tests.ops.test_bmm" name="test_bmm[full-fp16-b32-mha-qk]" time="0.064"><properties><property name="op" value="BmmFwdOp" /><property name="op_module" value="tileops.ops.gemm.bmm" /><property name="max_abs_err" value="0.00e+00" /></properties></testcase><testcase classname="tests.ops.test_bmm" name="test_bmm[full-fp16-b8-mha-pv]" time="0.067"><properties><property name="op" value="BmmFwdOp" /><property name="op_module" value="tileops.ops.gemm.bmm" /><property name="max_abs_err" value="0.00e+00" /></properties></testcase><testcase classname="tests.ops.test_bmm" name="test_bmm[full-bf16-b8-mha-pv]" time="0.067"><properties><property name="op" value="BmmFwdOp" /><property name="op_module" value="tileops.ops.gemm.bmm" /><property name="max_abs_err" value="0.00e+00" /></properties></testcase><testcase classname="tests.ops.test_bmm" name="test_bmm[full-bf16-b32-moe]" time="0.069"><properties><property name="op" value="BmmFwdOp" /><property name="op_module" value="tileops.ops.gemm.bmm" /><property name="max_abs_err" value="0.00e+00" /></properties></testcase><testcase classname="tests.ops.test_bmm" name="test_bmm[full-fp16-b4-mn-nonaligned]" time="0.065"><properties><property name="op" value="BmmFwdOp" /><property name="op_module" value="tileops.ops.gemm.bmm" /><property name="max_abs_err" value="0.00e+00" /></properties></testcase><testcase classname="tests.ops.test_bmm" name="test_bmm_fp8[full-fp8-b8-per-tensor]" time="0.072"><properties><property name="op" value="BmmFp8KNFwdOp" /><property name="op_module" value="tileops.ops.gemm.bmm" /><property name="max_abs_err" value="3.91e-03" /></properties></testcase><testcase classname="tests.ops.test_bmm" name="test_bmm_fp8[full-fp8-b16-mha-pv-per-tensor]" time="0.073"><properties><property name="op" value="BmmFp8KNFwdOp" /><property name="op_module" value="tileops.ops.gemm.bmm" /><property name="max_abs_err" value="3.12e-02" /></properties></testcase><testcase classname="tests.ops.test_comparison" name="test_comparison_broadcast[eq-EqFwdOp-eq-a_shape1-b_shape1]" time="0.053" /><testcase classname="tests.ops.test_comparison" name="test_comparison_broadcast[eq-EqFwdOp-eq-a_shape2-b_shape2]" time="0.032" /><testcase classname="tests.ops.test_comparison" name="test_comparison_broadcast[ne-NeFwdOp-ne-a_shape3-b_shape3]" time="0.053" /><testcase classname="tests.ops.test_comparison" name="test_comparison_broadcast[ne-NeFwdOp-ne-a_shape4-b_shape4]" time="0.052" /><testcase classname="tests.ops.test_comparison" name="test_comparison_broadcast[ne-NeFwdOp-ne-a_shape5-b_shape5]" time="0.034" /><testcase classname="tests.ops.test_comparison" name="test_comparison_broadcast[gt-GtFwdOp-gt-a_shape6-b_shape6]" time="0.052" /><testcase classname="tests.ops.test_comparison" name="test_comparison_broadcast[gt-GtFwdOp-gt-a_shape7-b_shape7]" time="0.054" /><testcase classname="tests.ops.test_comparison" name="test_comparison_broadcast[gt-GtFwdOp-gt-a_shape8-b_shape8]" time="0.033" /><testcase classname="tests.ops.test_comparison" name="test_comparison_broadcast[lt-LtFwdOp-lt-a_shape9-b_shape9]" time="0.053" /><testcase classname="tests.ops.test_comparison" name="test_comparison_broadcast[lt-LtFwdOp-lt-a_shape10-b_shape10]" time="0.053" /><testcase classname="tests.ops.test_comparison" name="test_comparison_broadcast[lt-LtFwdOp-lt-a_shape11-b_shape11]" time="0.033" /><testcase classname="tests.ops.test_comparison" name="test_comparison_broadcast[ge-GeFwdOp-ge-a_shape12-b_shape12]" time="0.054" /><testcase classname="tests.ops.test_comparison" name="test_comparison_broadcast[ge-GeFwdOp-ge-a_shape13-b_shape13]" time="0.056" /><testcase classname="tests.ops.test_comparison" name="test_comparison_broadcast[ge-GeFwdOp-ge-a_shape14-b_shape14]" time="0.034" /><testcase classname="tests.ops.test_comparison" name="test_comparison_broadcast[le-LeFwdOp-le-a_shape15-b_shape15]" time="0.053" /><testcase classname="tests.ops.test_comparison" name="test_comparison_broadcast[le-LeFwdOp-le-a_shape16-b_shape16]" time="0.052" /><testcase classname="tests.ops.test_comparison" name="test_comparison_broadcast[le-LeFwdOp-le-a_shape17-b_shape17]" time="0.033" /><testcase classname="tests.ops.test_comparison" name="test_comparison_rejects_unsupported_dtype[LtFwdOp-dtype3]" time="0.002" /><testcase classname="tests.ops.test_comparison" name="test_comparison_rejects_unsupported_dtype[GeFwdOp-dtype4]" time="0.002" /><testcase classname="tests.ops.test_comparison" name="test_comparison_rejects_unsupported_dtype[LeFwdOp-dtype5]" time="0.002" /><testcase classname="tests.ops.test_convolution" name="test_conv1d[full-convtasnet-pointwise-k1-s1-fp16]" time="0.165"><properties><property name="op" value="Conv1dFwdOp" /><property name="op_module" value="tileops.ops.convolution" /><property name="max_abs_err" value="0.00e+00" /></properties></testcase><testcase classname="tests.ops.test_convolution" name="test_conv1d[full-seanet-residual-k3-s1-fp16]" time="0.143"><properties><property name="op" value="Conv1dFwdOp" /><property name="op_module" value="tileops.ops.convolution" /><property name="max_abs_err" value="3.12e-02" /></properties></testcase><testcase classname="tests.ops.test_convolution" name="test_conv1d[full-audio-downsample-k5-s2-fp16]" time="0.119"><properties><property name="op" value="Conv1dFwdOp" /><property name="op_module" value="tileops.ops.convolution" /><property name="max_abs_err" value="0.00e+00" /></properties></testcase><testcase classname="tests.ops.test_convolution" name="test_conv1d[full-small-seanet-stem-k7-s1-fp16]" time="0.117"><properties><property name="op" value="Conv1dFwdOp" /><property name="op_module" value="tileops.ops.convolution" /><property name="max_abs_err" value="0.00e+00" /></properties></testcase><testcase classname="tests.ops.test_convolution" name="test_conv1d[full-sequence-downsample-k3-s2-bf16]" time="0.129"><properties><property name="op" value="Conv1dFwdOp" /><property name="op_module" value="tileops.ops.convolution" /><property name="max_abs_err" value="1.25e-01" /></properties></testcase><testcase classname="tests.ops.test_convolution" name="test_conv1d[full-dilation-k3-d2-fp16]" time="0.117"><properties><property name="op" value="Conv1dFwdOp" /><property name="op_module" value="tileops.ops.convolution" /><property name="max_abs_err" value="0.00e+00" /></properties></testcase><testcase classname="tests.ops.test_convolution" name="test_conv1d[full-padding-valid-fp16]" time="0.118"><properties><property name="op" value="Conv1dFwdOp" /><property name="op_module" value="tileops.ops.convolution" /><property name="max_abs_err" value="0.00e+00" /></properties></testcase><testcase classname="tests.ops.test_convolution" name="test_conv1d[full-padding-same-fp16]" time="0.117"><properties><property name="op" value="Conv1dFwdOp" /><property name="op_module" value="tileops.ops.convolution" /><property name="max_abs_err" value="0.00e+00" /></properties></testcase><testcase classname="tests.ops.test_convolution" name="test_conv1d[full-groups2-k3-fp16]" time="0.145"><properties><property name="op" value="Conv1dFwdOp" /><property name="op_module" value="tileops.ops.convolution" /><property name="max_abs_err" value="7.81e-03" /></properties></testcase><testcase classname="tests.ops.test_convolution" name="test_conv1d[full-groups3-coutg24-fp16]" time="0.140"><properties><property name="op" value="Conv1dFwdOp" /><property name="op_module" value="tileops.ops.convolution" /><property name="max_abs_err" value="7.81e-03" /></properties></testcase><testcase classname="tests.ops.test_convolution" name="test_conv1d[full-conformer-depthwise-k31-fp16]" time="0.307"><properties><property name="op" value="Conv1dFwdOp" /><property name="op_module" value="tileops.ops.convolution" /><property name="max_abs_err" value="7.81e-03" /></properties></testcase><testcase classname="tests.ops.test_convolution" name="test_conv1d_dilation_matches_torch[bias]" time="0.113" /><testcase classname="tests.ops.test_convolution" name="test_conv2d[full-stem-3x3-s2-fp16]" time="0.119"><properties><property name="op" value="Conv2dFwdOp" /><property name="op_module" value="tileops.ops.convolution" /><property name="max_abs_err" value="7.81e-03" /></properties></testcase><testcase classname="tests.ops.test_convolution" name="test_conv2d[full-resblock-3x3-s1-fp16]" time="0.192"><properties><property name="op" value="Conv2dFwdOp" /><property name="op_module" value="tileops.ops.convolution" /><property name="max_abs_err" value="0.00e+00" /></properties></testcase><testcase classname="tests.ops.test_convolution" name="test_conv2d[full-stage-transition-3x3-s2-fp16]" time="0.191"><properties><property name="op" value="Conv2dFwdOp" /><property name="op_module" value="tileops.ops.convolution" /><property name="max_abs_err" value="6.25e-02" /></properties></testcase><testcase classname="tests.ops.test_convolution" name="test_conv2d[full-small-5x5-s1-fp16]" time="0.191"><properties><property name="op" value="Conv2dFwdOp" /><property name="op_module" value="tileops.ops.convolution" /><property name="max_abs_err" value="0.00e+00" /></properties></testcase><testcase classname="tests.ops.test_convolution" name="test_conv2d[full-small-5x5-s2-fp16]" time="0.191"><properties><property name="op" value="Conv2dFwdOp" /><property name="op_module" value="tileops.ops.convolution" /><property name="max_abs_err" value="0.00e+00" /></properties></testcase><testcase classname="tests.ops.test_convolution" name="test_conv2d[full-fp16-1x1-tuned]" time="0.124"><properties><property name="op" value="Conv2dFwdOp" /><property name="op_module" value="tileops.ops.convolution" /><property name="max_abs_err" value="0.00e+00" /></properties></testcase><testcase classname="tests.ops.test_convolution" name="test_conv2d[full-fp16-stride2]" time="0.193"><properties><property name="op" value="Conv2dFwdOp" /><property name="op_module" value="tileops.ops.convolution" /><property name="max_abs_err" value="0.00e+00" /></properties></testcase><testcase classname="tests.ops.test_convolution" name="test_conv2d[full-bf16-3x3-s2]" time="0.191"><properties><property name="op" value="Conv2dFwdOp" /><property name="op_module" value="tileops.ops.convolution" /><property name="max_abs_err" value="0.00e+00" /></properties></testcase><testcase classname="tests.ops.test_convolution" name="test_conv2d[full-bf16-1x1]" time="0.089"><properties><property name="op" value="Conv2dFwdOp" /><property name="op_module" value="tileops.ops.convolution" /><property name="max_abs_err" value="0.00e+00" /></properties></testcase><testcase classname="tests.ops.test_convolution" name="test_conv2d[full-deeplab-aspp-3x3-d2-fp16]" time="0.475"><properties><property name="op" value="Conv2dFwdOp" /><property name="op_module" value="tileops.ops.convolution" /><property name="max_abs_err" value="0.00e+00" /></properties></testcase><testcase classname="tests.ops.test_convolution" name="test_conv2d[full-resnext-grouped-3x3-fp16]" time="0.155"><properties><property name="op" value="Conv2dFwdOp" /><property name="op_module" value="tileops.ops.convolution" /><property name="max_abs_err" value="7.81e-03" /></properties></testcase><testcase classname="tests.ops.test_convolution" name="test_conv3d[full-r3d-stem-k3-s1-fp16]" time="0.130"><properties><property name="op" value="Conv3dFwdOp" /><property name="op_module" value="tileops.ops.convolution" /><property name="max_abs_err" value="3.12e-02" /></properties></testcase><testcase classname="tests.ops.test_convolution" name="test_conv3d[full-video-stage-downsample-k3-s2-fp16]" time="0.241"><properties><property name="op" value="Conv3dFwdOp" /><property name="op_module" value="tileops.ops.convolution" /><property name="max_abs_err" value="1.25e-01" /></properties></testcase><testcase classname="tests.ops.test_convolution" name="test_conv3d[full-unet-encoder-k3-s1-bf16]" time="0.238"><properties><property name="op" value="Conv3dFwdOp" /><property name="op_module" value="tileops.ops.convolution" /><property name="max_abs_err" value="0.00e+00" /></properties></testcase><testcase classname="tests.ops.test_convolution" name="test_conv3d[full-3d-aspp-3x3x3-d2-fp16]" time="0.132"><properties><property name="op" value="Conv3dFwdOp" /><property name="op_module" value="tileops.ops.convolution" /><property name="max_abs_err" value="3.12e-02" /></properties></testcase><testcase classname="tests.ops.test_convolution" name="test_conv3d[full-3d-resnext-grouped-k3-fp16]" time="0.162"><properties><property name="op" value="Conv3dFwdOp" /><property name="op_module" value="tileops.ops.convolution" /><property name="max_abs_err" value="1.56e-02" /></properties></testcase><testcase classname="tests.ops.test_cumulative" name="test_cumsum_op[256-4096-dtype3]" time="0.071"><properties><property name="op" value="CumsumFwdOp" /><property name="op_module" value="tileops.ops.reduction.cumulative" /><property name="max_abs_err" value="1.25e-01" /></properties></testcase><testcase classname="tests.ops.test_cumulative" name="test_cumsum_op[256-4096-dtype4]" time="0.070"><properties><property name="op" value="CumsumFwdOp" /><property name="op_module" value="tileops.ops.reduction.cumulative" /><property name="max_abs_err" value="5.00e-01" /></properties></testcase><testcase classname="tests.ops.test_cumulative" name="test_cumsum_op[128-300-dtype5]" time="0.113"><properties><property name="op" value="CumsumFwdOp" /><property name="op_module" value="tileops.ops.reduction.cumulative" /><property name="max_abs_err" value="0.00e+00" /></properties></testcase><testcase classname="tests.ops.test_cumulative" name="test_cumsum_op[128-300-dtype6]" time="0.113"><properties><property name="op" value="CumsumFwdOp" /><property name="op_module" value="tileops.ops.reduction.cumulative" /><property name="max_abs_err" value="0.00e+00" /></properties></testcase><testcase classname="tests.ops.test_cumulative" name="test_cumsum_op[129-512-dtype7]" time="0.071"><properties><property name="op" value="CumsumFwdOp" /><property name="op_module" value="tileops.ops.reduction.cumulative" /><property name="max_abs_err" value="1.56e-02" /></properties></testcase><testcase classname="tests.ops.test_cumulative" name="test_cumprod_op[256-4096-dtype3]" time="0.077"><properties><property name="op" value="CumprodFwdOp" /><property name="op_module" value="tileops.ops.reduction.cumulative" /><property name="max_abs_err" value="4.88e-04" /></properties></testcase><testcase classname="tests.ops.test_cumulative" name="test_cumprod_op[256-4096-dtype4]" time="0.071"><properties><property name="op" value="CumprodFwdOp" /><property name="op_module" value="tileops.ops.reduction.cumulative" /><property name="max_abs_err" value="1.95e-03" /></properties></testcase><testcase classname="tests.ops.test_cumulative" name="test_cumprod_op[128-300-dtype5]" time="0.114"><properties><property name="op" value="CumprodFwdOp" /><property name="op_module" value="tileops.ops.reduction.cumulative" /><property name="max_abs_err" value="4.88e-04" /></properties></testcase><testcase classname="tests.ops.test_cumulative" name="test_cumprod_op[128-300-dtype6]" time="0.112"><properties><property name="op" value="CumprodFwdOp" /><property name="op_module" value="tileops.ops.reduction.cumulative" /><property name="max_abs_err" value="1.95e-03" /></properties></testcase><testcase classname="tests.ops.test_cumulative" name="test_cumprod_op[129-512-dtype7]" time="0.069"><properties><property name="op" value="CumprodFwdOp" /><property name="op_module" value="tileops.ops.reduction.cumulative" /><property name="max_abs_err" value="4.88e-04" /></properties></testcase><testcase classname="tests.ops.test_deltanet_chunkwise_bwd" name="test_deltanet_bwd[1-128-4-64-64-32-dtype3-False]" time="1.048" /><testcase classname="tests.ops.test_deltanet_chunkwise_bwd" name="test_deltanet_bwd[1-128-4-64-64-32-dtype4-False]" time="0.984" /><testcase classname="tests.ops.test_deltanet_chunkwise_bwd" name="test_deltanet_bwd[1-128-4-64-64-32-dtype5-False]" time="0.977" /><testcase classname="tests.ops.test_deltanet_chunkwise_bwd" name="test_deltanet_bwd[full-bf16-tuned]" time="1.306" /><testcase classname="tests.ops.test_deltanet_fwd" name="test_deltanet_fwd[1-128-4-64-64-32-dtype3-False]" time="0.032" /><testcase classname="tests.ops.test_deltanet_fwd" name="test_deltanet_fwd[1-128-4-64-64-32-dtype4-False]" time="0.010" /><testcase classname="tests.ops.test_deltanet_fwd" name="test_deltanet_fwd[1-128-4-64-64-32-dtype5-False]" time="0.010" /><testcase classname="tests.ops.test_deltanet_fwd" name="test_deltanet_fwd[2-8192-4-64-64-64-dtype6-False]" time="0.658" /><testcase classname="tests.ops.test_deltanet_fwd" name="test_deltanet_fwd[2-16384-4-64-64-64-dtype7-False]" time="1.018" /><testcase classname="tests.ops.test_deltanet_fwd" name="test_deltanet_fwd[full-bf16-tuned]" time="0.530" /><testcase classname="tests.ops.test_deltanet_recurrence" name="test_deltanet_decode[2-8-64-64-dtype3-False]" time="0.083"><properties><property name="op" value="DeltaNetDecodeFwdOp" /><property name="op_module" value="tileops.ops.linear_attention.deltanet_recurrence" /><property name="max_abs_err" value="5.96e-08" /></properties></testcase><testcase classname="tests.ops.test_deltanet_recurrence" name="test_deltanet_decode[2-4-128-128-dtype4-False]" time="0.081"><properties><property name="op" value="DeltaNetDecodeFwdOp" /><property name="op_module" value="tileops.ops.linear_attention.deltanet_recurrence" /><property name="max_abs_err" value="1.19e-07" /></properties></testcase><testcase classname="tests.ops.test_deltanet_recurrence" name="test_deltanet_decode[2-4-128-128-dtype5-False]" time="0.091"><properties><property name="op" value="DeltaNetDecodeFwdOp" /><property name="op_module" value="tileops.ops.linear_attention.deltanet_recurrence" /><property name="max_abs_err" value="1.19e-07" /></properties></testcase><testcase classname="tests.ops.test_deltanet_recurrence" name="test_deltanet_decode[2-4-128-128-dtype6-False]" time="0.090"><properties><property name="op" value="DeltaNetDecodeFwdOp" /><property name="op_module" value="tileops.ops.linear_attention.deltanet_recurrence" /><property name="max_abs_err" value="0.00e+00" /></properties></testcase><testcase classname="tests.ops.test_deltanet_recurrence" name="test_deltanet_decode[2-8-64-64-dtype7-False]" time="0.108"><properties><property name="op" value="DeltaNetDecodeFwdOp" /><property name="op_module" value="tileops.ops.linear_attention.deltanet_recurrence" /><property name="max_abs_err" value="9.54e-07" /></properties></testcase><testcase classname="tests.ops.test_deltanet_recurrence" name="test_deltanet_decode[2-8-64-64-dtype8-False]" time="0.108"><properties><property name="op" value="DeltaNetDecodeFwdOp" /><property name="op_module" value="tileops.ops.linear_attention.deltanet_recurrence" /><property name="max_abs_err" value="0.00e+00" /></properties></testcase><testcase classname="tests.ops.test_deltanet_recurrence" name="test_deltanet_decode_multi_step[2-8-64-64-dtype3-False]" time="0.009" /><testcase classname="tests.ops.test_deltanet_recurrence" name="test_deltanet_decode_multi_step[2-4-128-128-dtype4-False]" time="0.009" /><testcase classname="tests.ops.test_deltanet_recurrence" name="test_deltanet_decode_multi_step[2-4-128-128-dtype5-False]" time="0.009" /><testcase classname="tests.ops.test_deltanet_recurrence" name="test_deltanet_decode_multi_step[2-4-128-128-dtype6-False]" time="0.009" /><testcase classname="tests.ops.test_deltanet_recurrence" name="test_deltanet_decode_multi_step[2-8-64-64-dtype7-False]" time="0.009" /><testcase classname="tests.ops.test_deltanet_recurrence" name="test_deltanet_decode_multi_step[2-8-64-64-dtype8-False]" time="0.009" /><testcase classname="tests.ops.test_deltanet_recurrence" name="test_deltanet_decode_build_carries_the_tune_flag[tuned]" time="0.002" /><testcase classname="tests.ops.test_dropout" name="test_dropout_statistical_rate[4000000-dtype3-0.1]" time="0.033" /><testcase classname="tests.ops.test_dropout" name="test_dropout_statistical_rate[4000000-dtype4-0.3]" time="0.034" /><testcase classname="tests.ops.test_dropout" name="test_dropout_scale_factor[1000000-dtype3-0.1]" time="0.037" /><testcase classname="tests.ops.test_dropout" name="test_dropout_scale_factor[1000000-dtype4-0.3]" time="0.036" /><testcase classname="tests.ops.test_dropout" name="test_dropout_custom_config_p0_identity[65536-dtype2-64-16]" time="0.033" /><testcase classname="tests.ops.test_dropout" name="test_dropout_custom_config_correctness[65536-dtype2-64-16]" time="0.033" /><testcase classname="tests.ops.test_elementwise_caching_autotune.TestUnaryCaching" name="test_unary_has_compiled_fn[ReluFwdKernel]" time="0.030" /><testcase classname="tests.ops.test_elementwise_caching_autotune.TestUnaryCaching" name="test_unary_has_compiled_fn[SigmoidFwdKernel]" time="0.030" /><testcase classname="tests.ops.test_elementwise_caching_autotune.TestUnaryCaching" name="test_unary_has_compiled_fn[AbsFwdKernel]" time="0.029" /><testcase classname="tests.ops.test_elementwise_caching_autotune.TestUnaryCaching" name="test_unary_forward_uses_cached_fn" time="0.002" /><testcase classname="tests.ops.test_elementwise_caching_autotune.TestUnaryCaching" name="test_unary_direct_strategy_caching" time="0.020" /><testcase classname="tests.ops.test_elementwise_caching_autotune.TestFusedGatedCaching" name="test_fused_gated_has_compiled_fn[SiluAndMulFwdKernel]" time="0.026" /><testcase classname="tests.ops.test_elementwise_caching_autotune.TestFusedGatedCaching" name="test_fused_gated_has_compiled_fn[GeluAndMulFwdKernel]" time="0.027" /><testcase classname="tests.ops.test_elementwise_caching_autotune.TestFusedGatedCaching" name="test_fused_gated_has_compiled_fn[GeluTanhAndMulFwdKernel]" time="0.028" /><testcase classname="tests.ops.test_elementwise_caching_autotune.TestFusedGatedCaching" name="test_fused_gated_forward_uses_cached_fn" time="0.002" /><testcase classname="tests.ops.test_elementwise_caching_autotune.TestCustomKernelCaching" name="test_leaky_relu_caching" time="0.034" /><testcase classname="tests.ops.test_elementwise_caching_autotune.TestCustomKernelCaching" name="test_elu_caching" time="0.039" /><testcase classname="tests.ops.test_elementwise_caching_autotune.TestCustomKernelCaching" name="test_hardtanh_caching" time="0.035" /><testcase classname="tests.ops.test_elementwise_caching_autotune.TestCustomKernelCaching" name="test_softplus_caching" time="0.041" /><testcase classname="tests.ops.test_elementwise_caching_autotune.TestCustomKernelCaching" name="test_prelu_caching" time="0.039" /><testcase classname="tests.ops.test_elementwise_caching_autotune.TestCustomKernelCaching" name="test_where_caching" time="0.040" /><testcase classname="tests.ops.test_elementwise_caching_autotune.TestCustomKernelCaching" name="test_clamp_caching" time="0.042" /><testcase classname="tests.ops.test_elementwise_caching_autotune.TestCustomKernelCaching" name="test_masked_fill_caching" time="0.037" /><testcase classname="tests.ops.test_elementwise_caching_autotune.TestCustomKernelCaching" name="test_nan_to_num_caching" time="0.041" /><testcase classname="tests.ops.test_elementwise_caching_autotune.TestCustomKernelCaching" name="test_alibi_caching" time="0.037" /><testcase classname="tests.ops.test_elementwise_caching_autotune.TestCustomKernelCaching" name="test_sinusoidal_caching" time="0.047" /><testcase classname="tests.ops.test_elementwise_caching_autotune.TestAutotuneConfigs" name="test_unary_autotune_configs_count[dtype0]" time="0.002" /><testcase classname="tests.ops.test_elementwise_caching_autotune.TestAutotuneConfigs" name="test_unary_autotune_configs_count[dtype1]" time="0.031" /><testcase classname="tests.ops.test_elementwise_caching_autotune.TestAutotuneConfigs" name="test_unary_autotune_configs_count[dtype2]" time="0.030" /><testcase classname="tests.ops.test_elementwise_caching_autotune.TestAutotuneConfigs" name="test_fused_gated_autotune_configs_count[dtype0]" time="0.002" /><testcase classname="tests.ops.test_elementwise_caching_autotune.TestAutotuneConfigs" name="test_fused_gated_autotune_configs_count[dtype1]" time="0.026" /><testcase classname="tests.ops.test_elementwise_caching_autotune.TestAutotuneConfigs" name="test_fused_gated_autotune_configs_count[dtype2]" time="0.027" /><testcase classname="tests.ops.test_elementwise_caching_autotune.TestAutotuneConfigs" name="test_fused_gated_tune_true_reaches_the_autotuner" time="0.030" /><testcase classname="tests.ops.test_elementwise_caching_autotune.TestAutotuneConfigs" name="test_binary_autotune_configs_still_works" time="0.037" /><testcase classname="tests.ops.test_elementwise_caching_autotune.TestCachingCorrectness" name="test_unary_relu_correctness" time="0.002" /><testcase classname="tests.ops.test_elementwise_caching_autotune.TestCachingCorrectness" name="test_fused_gated_silu_correctness" time="0.002" /><testcase classname="tests.ops.test_elementwise_caching_autotune.TestCachingCorrectness" name="test_custom_leaky_relu_correctness" time="0.005" /><testcase classname="tests.ops.test_elementwise_compile" name="test_relu_compile[1048576-dtype0]" time="2.779"><properties><property name="op" value="function" /><property name="op_module" value="builtins" /><property name="max_abs_err" value="0.00e+00" /></properties></testcase><testcase classname="tests.ops.test_elementwise_compile" name="test_relu_compile[1048576-dtype1]" time="0.166"><properties><property name="op" value="function" /><property name="op_module" value="builtins" /><property name="max_abs_err" value="0.00e+00" /></properties></testcase><testcase classname="tests.ops.test_elementwise_compile" name="test_add_compile[a_shape0-b_shape0-dtype0]" time="0.295"><properties><property name="op" value="function" /><property name="op_module" value="builtins" /><property name="max_abs_err" value="0.00e+00" /></properties></testcase><testcase classname="tests.ops.test_elementwise_compile" name="test_add_compile[a_shape1-b_shape1-dtype1]" time="0.188"><properties><property name="op" value="function" /><property name="op_module" value="builtins" /><property name="max_abs_err" value="0.00e+00" /></properties></testcase><testcase classname="tests.ops.test_elementwise_compile" name="test_eq_compile[a_shape0-b_shape0-dtype0]" time="0.286"><properties><property name="op" value="function" /><property name="op_module" value="builtins" /><property name="max_abs_err" value="0.00e+00" /></properties></testcase><testcase classname="tests.ops.test_elementwise_compile" name="test_silu_and_mul_compile[512-1024-dtype0]" time="0.161"><properties><property name="op" value="function" /><property name="op_module" value="builtins" /><property name="max_abs_err" value="4.88e-04" /></properties></testcase><testcase classname="tests.ops.test_elementwise_compile" name="test_abs_compile[1048576-dtype0]" time="0.161"><properties><property name="op" value="function" /><property name="op_module" value="builtins" /><property name="max_abs_err" value="0.00e+00" /></properties></testcase><testcase classname="tests.ops.test_elementwise_compile" name="test_sign_compile[1048576-dtype0]" time="0.158"><properties><property name="op" value="function" /><property name="op_module" value="builtins" /><property name="max_abs_err" value="0.00e+00" /></properties></testcase><testcase classname="tests.ops.test_elementwise_compile" name="test_register_fake_unary_shape_dtype[1024-dtype0]" time="0.157" /><testcase classname="tests.ops.test_elementwise_compile" name="test_register_fake_comparison_bool_dtype[shape0-dtype0]" time="0.177" /><testcase classname="tests.ops.test_elementwise_compile" name="test_register_fake_fused_gated_shape[64-128-dtype0]" time="0.156" /><testcase classname="tests.ops.test_elementwise_compile" name="test_unary_float_compile[ExpFwdOp-exp-None-exp]" time="0.157" /><testcase classname="tests.ops.test_elementwise_compile" name="test_unary_float_compile[LogFwdOp-&lt;lambda&gt;-_positive_input-log]" time="0.156" /><testcase classname="tests.ops.test_elementwise_compile" name="test_unary_float_compile[SqrtFwdOp-&lt;lambda&gt;-_positive_input-sqrt]" time="0.157" /><testcase classname="tests.ops.test_elementwise_compile" name="test_unary_float_compile[RsqrtFwdOp-&lt;lambda&gt;-_positive_input-rsqrt]" time="0.156" /><testcase classname="tests.ops.test_elementwise_compile" name="test_unary_float_compile[NegFwdOp-neg-None-neg]" time="0.157" /><testcase classname="tests.ops.test_elementwise_compile" name="test_unary_float_compile[ReciprocalFwdOp-&lt;lambda&gt;-None-reciprocal]" time="0.154" /><testcase classname="tests.ops.test_elementwise_compile" name="test_unary_float_compile[SinFwdOp-&lt;lambda&gt;-None-sin]" time="0.157" /><testcase classname="tests.ops.test_elementwise_compile" name="test_unary_float_compile[CosFwdOp-&lt;lambda&gt;-None-cos]" time="0.158" /><testcase classname="tests.ops.test_elementwise_compile" name="test_unary_float_compile[FloorFwdOp-&lt;lambda&gt;-None-floor]" time="0.157" /><testcase classname="tests.ops.test_elementwise_compile" name="test_unary_float_compile[CeilFwdOp-&lt;lambda&gt;-None-ceil]" time="0.155" /><testcase classname="tests.ops.test_elementwise_compile" name="test_unary_float_compile[RoundFwdOp-&lt;lambda&gt;-None-round]" time="0.159" /><testcase classname="tests.ops.test_elementwise_compile" name="test_unary_float_compile[TruncFwdOp-&lt;lambda&gt;-None-trunc]" time="0.159" /><testcase classname="tests.ops.test_elementwise_compile" name="test_unary_float_compile[ErfFwdOp-&lt;lambda&gt;-None-erf]" time="0.496" /><testcase classname="tests.ops.test_elementwise_compile" name="test_unary_float_compile[Log1pFwdOp-&lt;lambda&gt;-_positive_input-log1p]" time="0.162" /><testcase classname="tests.ops.test_elementwise_compile" name="test_unary_float_compile[Expm1FwdOp-&lt;lambda&gt;-None-expm1]" time="0.160" /><testcase classname="tests.ops.test_elementwise_compile" name="test_unary_float_compile[GeluFwdOp-&lt;lambda&gt;-None-gelu]" time="0.158" /><testcase classname="tests.ops.test_elementwise_compile" name="test_unary_float_compile[SiluFwdOp-&lt;lambda&gt;-None-silu]" time="0.163" /><testcase classname="tests.ops.test_elementwise_compile" name="test_unary_float_compile[SigmoidFwdOp-&lt;lambda&gt;-None-sigmoid]" time="0.159" /><testcase classname="tests.ops.test_elementwise_compile" name="test_unary_float_compile[TanhFwdOp-&lt;lambda&gt;-None-tanh]" time="0.162" /><testcase classname="tests.ops.test_elementwise_compile" name="test_unary_float_compile[HardswishFwdOp-&lt;lambda&gt;-None-hardswish]" time="0.167" /><testcase classname="tests.ops.test_elementwise_compile" name="test_unary_float_compile[HardsigmoidFwdOp-&lt;lambda&gt;-None-hardsigmoid]" time="0.165" /><testcase classname="tests.ops.test_elementwise_compile" name="test_unary_float_compile[MishFwdOp-&lt;lambda&gt;-None-mish]" time="0.167" /><testcase classname="tests.ops.test_elementwise_compile" name="test_unary_float_compile[SeluFwdOp-&lt;lambda&gt;-None-selu]" time="0.165" /><testcase classname="tests.ops.test_elementwise_compile" name="test_unary_bool_compile[LogicalNotFwdOp-&lt;lambda&gt;-dtype0-logical_not]" time="0.160" /><testcase classname="tests.ops.test_elementwise_compile" name="test_unary_bool_compile[IsnanFwdOp-isnan-dtype2-isnan]" time="0.158" /><testcase classname="tests.ops.test_elementwise_compile" name="test_unary_bool_compile[IsinfFwdOp-isinf-dtype3-isinf]" time="0.158" /><testcase classname="tests.ops.test_elementwise_compile" name="test_unary_bool_compile[IsfiniteFwdOp-isfinite-dtype4-isfinite]" time="0.157" /><testcase classname="tests.ops.test_elementwise_compile" name="test_bitwise_not_compile" time="0.163" /><testcase classname="tests.ops.test_elementwise_compile" name="test_binary_arith_compile[SubFwdOp-&lt;lambda&gt;-sub]" time="0.178" /><testcase classname="tests.ops.test_elementwise_compile" name="test_binary_arith_compile[MulFwdOp-&lt;lambda&gt;-mul]" time="0.177" /><testcase classname="tests.ops.test_elementwise_compile" name="test_binary_arith_compile[DivFwdOp-&lt;lambda&gt;-div]" time="0.176" /><testcase classname="tests.ops.test_elementwise_compile" name="test_binary_arith_compile[RemainderFwdOp-&lt;lambda&gt;-remainder]" time="0.175" /><testcase classname="tests.ops.test_elementwise_compile" name="test_binary_arith_compile[FloorDivideFwdOp-&lt;lambda&gt;-floor_divide]" time="0.174" /><testcase classname="tests.ops.test_elementwise_compile" name="test_binary_arith_compile[MaximumFwdOp-&lt;lambda&gt;-maximum]" time="0.173" /><testcase classname="tests.ops.test_elementwise_compile" name="test_binary_arith_compile[MinimumFwdOp-&lt;lambda&gt;-minimum]" time="0.172" /><testcase classname="tests.ops.test_elementwise_compile" name="test_pow_compile" time="0.178" /><testcase classname="tests.ops.test_elementwise_compile" name="test_lerp_compile" time="0.178" /><testcase classname="tests.ops.test_elementwise_compile" name="test_lerp_tensor_compile" time="0.182" /><testcase classname="tests.ops.test_elementwise_compile" name="test_comparison_compile[NeFwdOp-&lt;lambda&gt;-ne]" time="0.170" /><testcase classname="tests.ops.test_elementwise_compile" name="test_comparison_compile[GtFwdOp-&lt;lambda&gt;-gt]" time="0.169" /><testcase classname="tests.ops.test_elementwise_compile" name="test_comparison_compile[LtFwdOp-&lt;lambda&gt;-lt]" time="0.171" /><testcase classname="tests.ops.test_elementwise_compile" name="test_comparison_compile[GeFwdOp-&lt;lambda&gt;-ge]" time="0.170" /><testcase classname="tests.ops.test_elementwise_compile" name="test_comparison_compile[LeFwdOp-&lt;lambda&gt;-le]" time="0.171" /><testcase classname="tests.ops.test_elementwise_compile" name="test_logical_binary_compile[LogicalAndFwdOp-&lt;lambda&gt;-logical_and]" time="0.170" /><testcase classname="tests.ops.test_elementwise_compile" name="test_logical_binary_compile[LogicalOrFwdOp-&lt;lambda&gt;-logical_or]" time="0.171" /><testcase classname="tests.ops.test_elementwise_compile" name="test_bitwise_binary_compile[BitwiseAndFwdOp-&lt;lambda&gt;-bitwise_and]" time="0.173" /><testcase classnam
[...]
e="test_log_softmax_1d[300-dtype5]" time="0.164" /><testcase classname="tests.ops.test_softmax" name="test_logsumexp_1d[300-dtype3]" time="0.119" /><testcase classname="tests.ops.test_softmax" name="test_logsumexp_1d[300-dtype4]" time="0.118" /><testcase classname="tests.ops.test_softmax" name="test_logsumexp_1d[300-dtype5]" time="0.119" /><testcase classname="tests.ops.test_special_elementwise" name="test_clamp_dtype_size[16777216-dtype3]" time="0.044" /><testcase classname="tests.ops.test_topk_selector" name="test_topk_selector_op[8-512-2048-1-64-float32-int32-False]" time="0.258"><properties><property name="op" value="TopkSelectorFwdOp" /><property name="op_module" value="tileops.ops.topk_selector" /><property name="max_abs_err" value="2.04e+03" /></properties></testcase><testcase classname="tests.ops.test_topk_selector" name="test_topk_selector_op[1-32768-65536-1-1024-float32-int32-False]" time="4.614"><properties><property name="op" value="TopkSelectorFwdOp" /><property name="op_module" value="tileops.ops.topk_selector" /><property name="max_abs_err" value="6.55e+04" /></properties></testcase><testcase classname="tests.ops.test_topk_selector" name="test_topk_selector_op[1-32768-131072-1-2048-float32-int32-False]" time="9.545"><properties><property name="op" value="TopkSelectorFwdOp" /><property name="op_module" value="tileops.ops.topk_selector" /><property name="max_abs_err" value="1.31e+05" /></properties></testcase><testcase classname="tests.ops.test_vector_norm" name="test_l1_norm_op[256-4096-dtype3]" time="0.090"><properties><property name="op" value="L1NormFwdOp" /><property name="op_module" value="tileops.ops.reduction.vector_norm" /><property name="max_abs_err" value="0.00e+00" /></properties></testcase><testcase classname="tests.ops.test_vector_norm" name="test_l1_norm_op[256-4096-dtype4]" time="0.084"><properties><property name="op" value="L1NormFwdOp" /><property name="op_module" value="tileops.ops.reduction.vector_norm" /><property name="max_abs_err" value="0.00e+00" /></properties></testcase><testcase classname="tests.ops.test_vector_norm" name="test_l1_norm_op[128-300-dtype5]" time="0.084"><properties><property name="op" value="L1NormFwdOp" /><property name="op_module" value="tileops.ops.reduction.vector_norm" /><property name="max_abs_err" value="3.05e-05" /></properties></testcase><testcase classname="tests.ops.test_vector_norm" name="test_l1_norm_op[128-300-dtype6]" time="0.084"><properties><property name="op" value="L1NormFwdOp" /><property name="op_module" value="tileops.ops.reduction.vector_norm" /><property name="max_abs_err" value="0.00e+00" /></properties></testcase><testcase classname="tests.ops.test_vector_norm" name="test_l1_norm_op[129-512-dtype7]" time="0.085"><properties><property name="op" value="L1NormFwdOp" /><property name="op_module" value="tileops.ops.reduction.vector_norm" /><property name="max_abs_err" value="0.00e+00" /></properties></testcase><testcase classname="tests.ops.test_vector_norm" name="test_l2_norm_op[256-4096-dtype3]" time="0.084"><properties><property name="op" value="L2NormFwdOp" /><property name="op_module" value="tileops.ops.reduction.vector_norm" /><property name="max_abs_err" value="0.00e+00" /></properties></testcase><testcase classname="tests.ops.test_vector_norm" name="test_l2_norm_op[256-4096-dtype4]" time="0.085"><properties><property name="op" value="L2NormFwdOp" /><property name="op_module" value="tileops.ops.reduction.vector_norm" /><property name="max_abs_err" value="0.00e+00" /></properties></testcase><testcase classname="tests.ops.test_vector_norm" name="test_l2_norm_op[128-300-dtype5]" time="0.084"><properties><property name="op" value="L2NormFwdOp" /><property name="op_module" value="tileops.ops.reduction.vector_norm" /><property name="max_abs_err" value="1.91e-06" /></properties></testcase><testcase classname="tests.ops.test_vector_norm" name="test_l2_norm_op[128-300-dtype6]" time="0.537"><properties><property name="op" value="L2NormFwdOp" /><property name="op_module" value="tileops.ops.reduction.vector_norm" /><property name="max_abs_err" value="0.00e+00" /></properties></testcase><testcase classname="tests.ops.test_vector_norm" name="test_l2_norm_op[129-512-dtype7]" time="0.086"><properties><property name="op" value="L2NormFwdOp" /><property name="op_module" value="tileops.ops.reduction.vector_norm" /><property name="max_abs_err" value="0.00e+00" /></properties></testcase><testcase classname="tests.ops.test_vector_norm" name="test_inf_norm_op[256-4096-dtype3]" time="0.085"><properties><property name="op" value="InfNormFwdOp" /><property name="op_module" value="tileops.ops.reduction.vector_norm" /><property name="max_abs_err" value="0.00e+00" /></properties></testcase><testcase classname="tests.ops.test_vector_norm" name="test_inf_norm_op[256-4096-dtype4]" time="0.084"><properties><property name="op" value="InfNormFwdOp" /><property name="op_module" value="tileops.ops.reduction.vector_norm" /><property name="max_abs_err" value="0.00e+00" /></properties></testcase><testcase classname="tests.ops.test_vector_norm" name="test_inf_norm_op[128-300-dtype5]" time="0.086"><properties><property name="op" value="InfNormFwdOp" /><property name="op_module" value="tileops.ops.reduction.vector_norm" /><property name="max_abs_err" value="0.00e+00" /></properties></testcase><testcase classname="tests.ops.test_vector_norm" name="test_inf_norm_op[128-300-dtype6]" time="0.085"><properties><property name="op" value="InfNormFwdOp" /><property name="op_module" value="tileops.ops.reduction.vector_norm" /><property name="max_abs_err" value="0.00e+00" /></properties></testcase><testcase classname="tests.ops.test_vector_norm" name="test_inf_norm_op[129-512-dtype7]" time="0.085"><properties><property name="op" value="InfNormFwdOp" /><property name="op_module" value="tileops.ops.reduction.vector_norm" /><property name="max_abs_err" value="0.00e+00" /></properties></testcase><testcase classname="tests.ops.test_vector_norm" name="test_inf_nan_propagation[4-300-dtype3]" time="0.084" /><testcase classname="tests.ops.test_welford_non_aligned" name="test_var_non_aligned[m32_n7_fp16]" time="0.190"><properties><property name="op" value="VarFwdOp" /><property name="op_module" value="tileops.ops.reduction.reduce" /><property name="max_abs_err" value="0.00e+00" /></properties></testcase><testcase classname="tests.ops.test_welford_non_aligned" name="test_var_non_aligned[m32_n33_fp16]" time="0.189"><properties><property name="op" value="VarFwdOp" /><property name="op_module" value="tileops.ops.reduction.reduce" /><property name="max_abs_err" value="0.00e+00" /></properties></testcase><testcase classname="tests.ops.test_welford_non_aligned" name="test_var_non_aligned[m32_n100_fp16]" time="0.188"><properties><property name="op" value="VarFwdOp" /><property name="op_module" value="tileops.ops.reduction.reduce" /><property name="max_abs_err" value="0.00e+00" /></properties></testcase><testcase classname="tests.ops.test_welford_non_aligned" name="test_var_non_aligned[m32_n255_fp16]" time="0.188"><properties><property name="op" value="VarFwdOp" /><property name="op_module" value="tileops.ops.reduction.reduce" /><property name="max_abs_err" value="0.00e+00" /></properties></testcase><testcase classname="tests.ops.test_welford_non_aligned" name="test_var_non_aligned[m32_n513_fp16]" time="0.187"><properties><property name="op" value="VarFwdOp" /><property name="op_module" value="tileops.ops.reduction.reduce" /><property name="max_abs_err" value="0.00e+00" /></properties></testcase><testcase classname="tests.ops.test_welford_non_aligned" name="test_var_non_aligned[m32_n7_bf16]" time="0.188"><properties><property name="op" value="VarFwdOp" /><property name="op_module" value="tileops.ops.reduction.reduce" /><property name="max_abs_err" value="0.00e+00" /></properties></testcase><testcase classname="tests.ops.test_welford_non_aligned" name="test_var_non_aligned[m32_n33_bf16]" time="0.187"><properties><property name="op" value="VarFwdOp" /><property name="op_module" value="tileops.ops.reduction.reduce" /><property name="max_abs_err" value="0.00e+00" /></properties></testcase><testcase classname="tests.ops.test_welford_non_aligned" name="test_var_non_aligned[m32_n100_bf16]" time="0.187"><properties><property name="op" value="VarFwdOp" /><property name="op_module" value="tileops.ops.reduction.reduce" /><property name="max_abs_err" value="0.00e+00" /></properties></testcase><testcase classname="tests.ops.test_welford_non_aligned" name="test_var_non_aligned[m32_n255_bf16]" time="0.188"><properties><property name="op" value="VarFwdOp" /><property name="op_module" value="tileops.ops.reduction.reduce" /><property name="max_abs_err" value="0.00e+00" /></properties></testcase><testcase classname="tests.ops.test_welford_non_aligned" name="test_var_non_aligned[m32_n513_bf16]" time="0.187"><properties><property name="op" value="VarFwdOp" /><property name="op_module" value="tileops.ops.reduction.reduce" /><property name="max_abs_err" value="0.00e+00" /></properties></testcase><testcase classname="tests.ops.test_welford_non_aligned" name="test_std_non_aligned[m32_n7_fp16]" time="0.191"><properties><property name="op" value="StdFwdOp" /><property name="op_module" value="tileops.ops.reduction.reduce" /><property name="max_abs_err" value="0.00e+00" /></properties></testcase><testcase classname="tests.ops.test_welford_non_aligned" name="test_std_non_aligned[m32_n33_fp16]" time="0.187"><properties><property name="op" value="StdFwdOp" /><property name="op_module" value="tileops.ops.reduction.reduce" /><property name="max_abs_err" value="0.00e+00" /></properties></testcase><testcase classname="tests.ops.test_welford_non_aligned" name="test_std_non_aligned[m32_n100_fp16]" time="0.188"><properties><property name="op" value="StdFwdOp" /><property name="op_module" value="tileops.ops.reduction.reduce" /><property name="max_abs_err" value="0.00e+00" /></properties></testcase><testcase classname="tests.ops.test_welford_non_aligned" name="test_std_non_aligned[m32_n255_fp16]" time="0.187"><properties><property name="op" value="StdFwdOp" /><property name="op_module" value="tileops.ops.reduction.reduce" /><property name="max_abs_err" value="0.00e+00" /></properties></testcase><testcase classname="tests.ops.test_welford_non_aligned" name="test_std_non_aligned[m32_n513_fp16]" time="0.187"><properties><property name="op" value="StdFwdOp" /><property name="op_module" value="tileops.ops.reduction.reduce" /><property name="max_abs_err" value="0.00e+00" /></properties></testcase><testcase classname="tests.ops.test_welford_non_aligned" name="test_std_non_aligned[m32_n7_bf16]" time="0.188"><properties><property name="op" value="StdFwdOp" /><property name="op_module" value="tileops.ops.reduction.reduce" /><property name="max_abs_err" value="0.00e+00" /></properties></testcase><testcase classname="tests.ops.test_welford_non_aligned" name="test_std_non_aligned[m32_n33_bf16]" time="0.187"><properties><property name="op" value="StdFwdOp" /><property name="op_module" value="tileops.ops.reduction.reduce" /><property name="max_abs_err" value="0.00e+00" /></properties></testcase><testcase classname="tests.ops.test_welford_non_aligned" name="test_std_non_aligned[m32_n100_bf16]" time="0.188"><properties><property name="op" value="StdFwdOp" /><property name="op_module" value="tileops.ops.reduction.reduce" /><property name="max_abs_err" value="0.00e+00" /></properties></testcase><testcase classname="tests.ops.test_welford_non_aligned" name="test_std_non_aligned[m32_n255_bf16]" time="0.188"><properties><property name="op" value="StdFwdOp" /><property name="op_module" value="tileops.ops.reduction.reduce" /><property name="max_abs_err" value="0.00e+00" /></properties></testcase><testcase classname="tests.ops.test_welford_non_aligned" name="test_std_non_aligned[m32_n513_bf16]" time="0.189"><properties><property name="op" value="StdFwdOp" /><property name="op_module" value="tileops.ops.reduction.reduce" /><property name="max_abs_err" value="0.00e+00" /></properties></testcase><testcase classname="tests.ops.test_welford_non_aligned" name="test_var_mean_non_aligned[m32_n7_fp16]" time="0.191"><properties><property name="op" value="VarMeanFwdOp" /><property name="op_module" value="tileops.ops.reduction.reduce" /><property name="max_abs_err" value="0.00e+00" /></properties></testcase><testcase classname="tests.ops.test_welford_non_aligned" name="test_var_mean_non_aligned[m32_n33_fp16]" time="0.190"><properties><property name="op" value="VarMeanFwdOp" /><property name="op_module" value="tileops.ops.reduction.reduce" /><property name="max_abs_err" value="0.00e+00" /></properties></testcase><testcase classname="tests.ops.test_welford_non_aligned" name="test_var_mean_non_aligned[m32_n100_fp16]" time="0.192"><properties><property name="op" value="VarMeanFwdOp" /><property name="op_module" value="tileops.ops.reduction.reduce" /><property name="max_abs_err" value="0.00e+00" /></properties></testcase><testcase classname="tests.ops.test_welford_non_aligned" name="test_var_mean_non_aligned[m32_n255_fp16]" time="0.191"><properties><property name="op" value="VarMeanFwdOp" /><property name="op_module" value="tileops.ops.reduction.reduce" /><property name="max_abs_err" value="0.00e+00" /></properties></testcase><testcase classname="tests.ops.test_welford_non_aligned" name="test_var_mean_non_aligned[m32_n513_fp16]" time="0.191"><properties><property name="op" value="VarMeanFwdOp" /><property name="op_module" value="tileops.ops.reduction.reduce" /><property name="max_abs_err" value="0.00e+00" /></properties></testcase><testcase classname="tests.ops.test_welford_non_aligned" name="test_var_mean_non_aligned[m32_n7_bf16]" time="0.191"><properties><property name="op" value="VarMeanFwdOp" /><property name="op_module" value="tileops.ops.reduction.reduce" /><property name="max_abs_err" value="0.00e+00" /></properties></testcase><testcase classname="tests.ops.test_welford_non_aligned" name="test_var_mean_non_aligned[m32_n33_bf16]" time="0.190"><properties><property name="op" value="VarMeanFwdOp" /><property name="op_module" value="tileops.ops.reduction.reduce" /><property name="max_abs_err" value="0.00e+00" /></properties></testcase><testcase classname="tests.ops.test_welford_non_aligned" name="test_var_mean_non_aligned[m32_n100_bf16]" time="0.191"><properties><property name="op" value="VarMeanFwdOp" /><property name="op_module" value="tileops.ops.reduction.reduce" /><property name="max_abs_err" value="0.00e+00" /></properties></testcase><testcase classname="tests.ops.test_welford_non_aligned" name="test_var_mean_non_aligned[m32_n255_bf16]" time="0.190"><properties><property name="op" value="VarMeanFwdOp" /><property name="op_module" value="tileops.ops.reduction.reduce" /><property name="max_abs_err" value="0.00e+00" /></properties></testcase><testcase classname="tests.ops.test_welford_non_aligned" name="test_var_mean_non_aligned[m32_n513_bf16]" time="0.192"><properties><property name="op" value="VarMeanFwdOp" /><property name="op_module" value="tileops.ops.reduction.reduce" /><property name="max_abs_err" value="0.00e+00" /></properties></testcase><testcase classname="tests.ops.test_welford_non_aligned" name="test_var_3d_non_aligned[b2_s16_h7_fp16]" time="0.002" /><testcase classname="tests.ops.test_welford_non_aligned" name="test_var_3d_non_aligned[b2_s16_h100_fp16]" time="0.002" /><testcase classname="tests.ops.test_welford_non_aligned" name="test_var_3d_non_aligned[b2_s16_h257_fp16]" time="0.187" /><testcase classname="tests.ops.test_welford_non_aligned" name="test_var_3d_non_aligned[b2_s16_h7_bf16]" time="0.002" /><testcase classname="tests.ops.test_welford_non_aligned" name="test_var_3d_non_aligned[b2_s16_h257_bf16]" time="0.194" /><testcase classname="tests.ops.test_welford_non_aligned" name="test_std_3d_non_aligned[b2_s16_h7_fp16]" time="0.003" /><testcase classname="tests.ops.test_welford_non_aligned" name="test_std_3d_non_aligned[b2_s16_h100_fp16]" time="0.003" /><testcase classname="tests.ops.test_welford_non_aligned" name="test_std_3d_non_aligned[b2_s16_h257_fp16]" time="0.581" /><testcase classname="tests.ops.test_welford_non_aligned" name="test_std_3d_non_aligned[b2_s16_h7_bf16]" time="0.003" /><testcase classname="tests.ops.test_welford_non_aligned" name="test_std_3d_non_aligned[b2_s16_h257_bf16]" time="0.191" /><testcase classname="tests.ops.test_welford_non_aligned" name="test_var_mean_3d_non_aligned[b2_s16_h7_fp16]" time="0.003" /><testcase classname="tests.ops.test_welford_non_aligned" name="test_var_mean_3d_non_aligned[b2_s16_h100_fp16]" time="0.003" /><testcase classname="tests.ops.test_welford_non_aligned" name="test_var_mean_3d_non_aligned[b2_s16_h257_fp16]" time="0.192" /><testcase classname="tests.ops.test_welford_non_aligned" name="test_var_mean_3d_non_aligned[b2_s16_h7_bf16]" time="0.003" /><testcase classname="tests.ops.test_welford_non_aligned" name="test_var_mean_3d_non_aligned[b2_s16_h257_bf16]" time="0.191" /><testcase classname="tests.ops.test_welford_non_aligned" name="test_var_multidim_non_aligned[flat258_fp16]" time="0.190" /><testcase classname="tests.ops.test_welford_non_aligned" name="test_var_multidim_non_aligned[flat255_keepdim_fp16]" time="0.190" /><testcase classname="tests.ops.test_welford_non_aligned" name="test_std_multidim_non_aligned[flat258_fp16]" time="0.189" /><testcase classname="tests.ops.test_welford_non_aligned" name="test_std_multidim_non_aligned[flat255_keepdim_fp16]" time="0.189" /><testcase classname="tests.ops.test_welford_non_aligned" name="test_var_mean_multidim_non_aligned[flat258_fp16]" time="0.190" /><testcase classname="tests.ops.test_welford_non_aligned" name="test_var_mean_multidim_non_aligned[flat255_keepdim_fp16]" time="0.191" /><testcase classname="tests.test_compile" name="test_mha_kernel_compile[8-1024-32-128-False-dtype0]" time="0.449"><properties><property name="op" value="function" /><property name="op_module" value="builtins" /><property name="max_abs_err" value="2.44e-04" /></properties></testcase><testcase classname="tests.test_compile" name="test_mha_kernel_compile[4-512-16-64-True-dtype1]" time="0.441"><properties><property name="op" value="function" /><property name="op_module" value="builtins" /><property name="max_abs_err" value="3.91e-03" /></properties></testcase><testcase classname="tests.test_tier_validation.TestFreezeValue" name="test_set_with_non_comparable_values_is_sorted_stably" time="0.001" /><testcase classname="tests.test_tier_validation.TestSmokeCount" name="test_zero_smoke_raises" time="0.002" /><testcase classname="tests.test_tier_validation.TestSmokeCount" name="test_multiple_smoke_params_pass" time="0.002" /><testcase classname="tests.test_tier_validation.TestSmokeOrdering" name="test_smoke_out_of_position_raises" time="0.003" /><testcase classname="tests.test_tier_validation.TestSmokeOrdering" name="test_xfail_before_smoke_ok" time="0.002" /><testcase classname="tests.test_tier_validation.TestSmokeConstraints" name="test_smoke_tune_true_raises" time="0.003" /><testcase classname="tests.test_tier_validation.TestSmokeConstraints" name="test_smoke_xfail_raises" time="0.003" /><testcase classname="tests.test_tier_validation.TestSmokeConstraints" name="test_smoke_xfail_reports_only_xfail_error" time="0.003" /><testcase classname="tests.test_tier_validation.TestNonRuntimeOpsFileExemption" name="test_exempt_ops_file_may_have_zero_smoke" time="0.002" /><testcase classname="tests.trace.test_payload" name="test_payload_api_signature" time="0.013" /><testcase classname="tests.trace.test_payload" name="test_payload_with_range_start_end" time="0.019" /><testcase classname="tests.trace.test_payload" name="test_payload_backward_compatibility" time="0.014" /><testcase classname="tests.trace.test_payload" name="test_implicit_thread_blocks_with_payload_e2e" time="0.017" /><testcase classname="tests.trace.test_payload" name="test_dynamic_payload_runtime_expr" time="0.021" /></testsuite></testsuites>